{"/home/santoshkumar/trade-finance/api/src/app.js": {"path":"/home/santoshkumar/trade-finance/api/src/app.js","statementMap":{"0":{"start":{"line":1,"column":16},"end":{"line":1,"column":36}},"1":{"start":{"line":2,"column":16},"end":{"line":2,"column":34}},"2":{"start":{"line":3,"column":19},"end":{"line":3,"column":41}},"3":{"start":{"line":4,"column":13},"end":{"line":4,"column":28}},"4":{"start":{"line":5,"column":15},"end":{"line":5,"column":34}},"5":{"start":{"line":6,"column":15},"end":{"line":6,"column":32}},"6":{"start":{"line":7,"column":18},"end":{"line":7,"column":47}},"7":{"start":{"line":8,"column":12},"end":{"line":8,"column":26}},"8":{"start":{"line":9,"column":15},"end":{"line":9,"column":34}},"9":{"start":{"line":10,"column":41},"end":{"line":10,"column":58}},"10":{"start":{"line":11,"column":23},"end":{"line":11,"column":38}},"11":{"start":{"line":12,"column":17},"end":{"line":12,"column":38}},"12":{"start":{"line":13,"column":23},"end":{"line":13,"column":62}},"13":{"start":{"line":14,"column":17},"end":{"line":14,"column":39}},"14":{"start":{"line":15,"column":22},"end":{"line":15,"column":48}},"15":{"start":{"line":16,"column":16},"end":{"line":16,"column":36}},"16":{"start":{"line":17,"column":27},"end":{"line":17,"column":71}},"17":{"start":{"line":18,"column":25},"end":{"line":18,"column":44}},"18":{"start":{"line":20,"column":12},"end":{"line":20,"column":21}},"19":{"start":{"line":22,"column":21},"end":{"line":22,"column":41}},"20":{"start":{"line":23,"column":0},"end":{"line":30,"column":3}},"21":{"start":{"line":24,"column":2},"end":{"line":29,"column":3}},"22":{"start":{"line":25,"column":4},"end":{"line":25,"column":50}},"23":{"start":{"line":26,"column":4},"end":{"line":26,"column":38}},"24":{"start":{"line":28,"column":4},"end":{"line":28,"column":28}},"25":{"start":{"line":33,"column":0},"end":{"line":33,"column":18}},"26":{"start":{"line":34,"column":0},"end":{"line":34,"column":16}},"27":{"start":{"line":37,"column":0},"end":{"line":37,"column":44}},"28":{"start":{"line":40,"column":23},"end":{"line":44,"column":2}},"29":{"start":{"line":46,"column":20},"end":{"line":50,"column":2}},"30":{"start":{"line":52,"column":0},"end":{"line":52,"column":24}},"31":{"start":{"line":55,"column":0},"end":{"line":55,"column":51}},"32":{"start":{"line":58,"column":0},"end":{"line":66,"column":3}},"33":{"start":{"line":59,"column":2},"end":{"line":65,"column":3}},"34":{"start":{"line":61,"column":4},"end":{"line":61,"column":29}},"35":{"start":{"line":62,"column":4},"end":{"line":62,"column":59}},"36":{"start":{"line":64,"column":4},"end":{"line":64,"column":76}},"37":{"start":{"line":69,"column":16},"end":{"line":86,"column":1}},"38":{"start":{"line":88,"column":17},"end":{"line":94,"column":1}},"39":{"start":{"line":88,"column":29},"end":{"line":94,"column":1}},"40":{"start":{"line":89,"column":20},"end":{"line":89,"column":45}},"41":{"start":{"line":90,"column":2},"end":{"line":92,"column":3}},"42":{"start":{"line":91,"column":4},"end":{"line":91,"column":69}},"43":{"start":{"line":93,"column":2},"end":{"line":93,"column":9}},"44":{"start":{"line":99,"column":0},"end":{"line":131,"column":3}},"45":{"start":{"line":100,"column":47},"end":{"line":100,"column":55}},"46":{"start":{"line":102,"column":2},"end":{"line":130,"column":3}},"47":{"start":{"line":103,"column":17},"end":{"line":103,"column":41}},"48":{"start":{"line":104,"column":25},"end":{"line":104,"column":58}},"49":{"start":{"line":106,"column":17},"end":{"line":111,"column":6}},"50":{"start":{"line":113,"column":4},"end":{"line":118,"column":5}},"51":{"start":{"line":114,"column":6},"end":{"line":114,"column":67}},"52":{"start":{"line":116,"column":6},"end":{"line":116,"column":77}},"53":{"start":{"line":117,"column":6},"end":{"line":117,"column":119}},"54":{"start":{"line":120,"column":4},"end":{"line":124,"column":7}},"55":{"start":{"line":126,"column":4},"end":{"line":128,"column":5}},"56":{"start":{"line":127,"column":6},"end":{"line":127,"column":72}},"57":{"start":{"line":129,"column":4},"end":{"line":129,"column":49}},"58":{"start":{"line":134,"column":0},"end":{"line":153,"column":3}},"59":{"start":{"line":135,"column":33},"end":{"line":135,"column":41}},"60":{"start":{"line":137,"column":2},"end":{"line":152,"column":3}},"61":{"start":{"line":138,"column":17},"end":{"line":138,"column":70}},"62":{"start":{"line":139,"column":4},"end":{"line":141,"column":5}},"63":{"start":{"line":140,"column":6},"end":{"line":140,"column":68}},"64":{"start":{"line":143,"column":28},"end":{"line":143,"column":78}},"65":{"start":{"line":144,"column":4},"end":{"line":146,"column":5}},"66":{"start":{"line":145,"column":6},"end":{"line":145,"column":68}},"67":{"start":{"line":148,"column":18},"end":{"line":148,"column":95}},"68":{"start":{"line":149,"column":4},"end":{"line":149,"column":24}},"69":{"start":{"line":151,"column":4},"end":{"line":151,"column":49}},"70":{"start":{"line":155,"column":0},"end":{"line":155,"column":36}},"71":{"start":{"line":157,"column":0},"end":{"line":160,"column":3}},"72":{"start":{"line":158,"column":2},"end":{"line":158,"column":21}},"73":{"start":{"line":159,"column":2},"end":{"line":159,"column":59}},"74":{"start":{"line":162,"column":14},"end":{"line":175,"column":1}},"75":{"start":{"line":163,"column":2},"end":{"line":174,"column":3}},"76":{"start":{"line":164,"column":4},"end":{"line":164,"column":19}},"77":{"start":{"line":165,"column":4},"end":{"line":165,"column":37}},"78":{"start":{"line":166,"column":4},"end":{"line":166,"column":25}},"79":{"start":{"line":167,"column":4},"end":{"line":167,"column":45}},"80":{"start":{"line":168,"column":4},"end":{"line":170,"column":7}},"81":{"start":{"line":169,"column":6},"end":{"line":169,"column":72}},"82":{"start":{"line":172,"column":4},"end":{"line":172,"column":46}},"83":{"start":{"line":173,"column":4},"end":{"line":173,"column":20}},"84":{"start":{"line":177,"column":0},"end":{"line":179,"column":1}},"85":{"start":{"line":178,"column":2},"end":{"line":178,"column":10}},"86":{"start":{"line":181,"column":0},"end":{"line":181,"column":25}}},"fnMap":{"0":{"name":"(anonymous_0)","decl":{"start":{"line":23,"column":20},"end":{"line":23,"column":21}},"loc":{"start":{"line":23,"column":40},"end":{"line":30,"column":1}},"line":23},"1":{"name":"(anonymous_1)","decl":{"start":{"line":58,"column":19},"end":{"line":58,"column":20}},"loc":{"start":{"line":58,"column":39},"end":{"line":66,"column":1}},"line":58},"2":{"name":"(anonymous_2)","decl":{"start":{"line":88,"column":17},"end":{"line":88,"column":18}},"loc":{"start":{"line":88,"column":29},"end":{"line":94,"column":1}},"line":88},"3":{"name":"(anonymous_3)","decl":{"start":{"line":88,"column":29},"end":{"line":88,"column":30}},"loc":{"start":{"line":88,"column":49},"end":{"line":94,"column":1}},"line":88},"4":{"name":"(anonymous_4)","decl":{"start":{"line":99,"column":96},"end":{"line":99,"column":97}},"loc":{"start":{"line":99,"column":116},"end":{"line":131,"column":1}},"line":99},"5":{"name":"(anonymous_5)","decl":{"start":{"line":134,"column":62},"end":{"line":134,"column":63}},"loc":{"start":{"line":134,"column":82},"end":{"line":153,"column":1}},"line":134},"6":{"name":"(anonymous_6)","decl":{"start":{"line":157,"column":8},"end":{"line":157,"column":9}},"loc":{"start":{"line":157,"column":33},"end":{"line":160,"column":1}},"line":157},"7":{"name":"(anonymous_7)","decl":{"start":{"line":162,"column":14},"end":{"line":162,"column":15}},"loc":{"start":{"line":162,"column":26},"end":{"line":175,"column":1}},"line":162},"8":{"name":"(anonymous_8)","decl":{"start":{"line":168,"column":28},"end":{"line":168,"column":29}},"loc":{"start":{"line":168,"column":34},"end":{"line":170,"column":5}},"line":168}},"branchMap":{"0":{"loc":{"start":{"line":90,"column":2},"end":{"line":92,"column":3}},"type":"if","locations":[{"start":{"line":90,"column":2},"end":{"line":92,"column":3}},{"start":{},"end":{}}],"line":90},"1":{"loc":{"start":{"line":126,"column":4},"end":{"line":128,"column":5}},"type":"if","locations":[{"start":{"line":126,"column":4},"end":{"line":128,"column":5}},{"start":{},"end":{}}],"line":126},"2":{"loc":{"start":{"line":139,"column":4},"end":{"line":141,"column":5}},"type":"if","locations":[{"start":{"line":139,"column":4},"end":{"line":141,"column":5}},{"start":{},"end":{}}],"line":139},"3":{"loc":{"start":{"line":144,"column":4},"end":{"line":146,"column":5}},"type":"if","locations":[{"start":{"line":144,"column":4},"end":{"line":146,"column":5}},{"start":{},"end":{}}],"line":144},"4":{"loc":{"start":{"line":177,"column":0},"end":{"line":179,"column":1}},"type":"if","locations":[{"start":{"line":177,"column":0},"end":{"line":179,"column":1}},{"start":{},"end":{}}],"line":177}},"s":{"0":1,"1":1,"2":1,"3":1,"4":1,"5":1,"6":1,"7":1,"8":1,"9":1,"10":1,"11":1,"12":1,"13":1,"14":1,"15":1,"16":1,"17":1,"18":1,"19":1,"20":1,"21":0,"22":0,"23":0,"24":0,"25":1,"26":1,"27":1,"28":1,"29":1,"30":1,"31":1,"32":1,"33":0,"34":0,"35":0,"36":0,"37":1,"38":1,"39":2,"40":0,"41":0,"42":0,"43":0,"44":1,"45":0,"46":0,"47":0,"48":0,"49":0,"50":0,"51":0,"52":0,"53":0,"54":0,"55":0,"56":0,"57":0,"58":1,"59":0,"60":0,"61":0,"62":0,"63":0,"64":0,"65":0,"66":0,"67":0,"68":0,"69":0,"70":1,"71":1,"72":0,"73":0,"74":1,"75":0,"76":0,"77":0,"78":0,"79":0,"80":0,"81":0,"82":0,"83":0,"84":1,"85":0,"86":1},"f":{"0":0,"1":0,"2":2,"3":0,"4":0,"5":0,"6":0,"7":0,"8":0},"b":{"0":[0,0],"1":[0,0],"2":[0,0],"3":[0,0],"4":[0,1]},"_coverageSchema":"1a1c01bbd47fc00a2c39e90264f33305004495a9","hash":"4078c29b68ace669778af2f49715637665015525"}
,"/home/santoshkumar/trade-finance/api/src/auth.js": {"path":"/home/santoshkumar/trade-finance/api/src/auth.js","statementMap":{"0":{"start":{"line":1,"column":12},"end":{"line":1,"column":35}},"1":{"start":{"line":2,"column":15},"end":{"line":2,"column":34}},"2":{"start":{"line":5,"column":2},"end":{"line":5,"column":81}},"3":{"start":{"line":9,"column":21},"end":{"line":9,"column":46}},"4":{"start":{"line":10,"column":2},"end":{"line":12,"column":3}},"5":{"start":{"line":11,"column":4},"end":{"line":11,"column":75}},"6":{"start":{"line":14,"column":16},"end":{"line":14,"column":40}},"7":{"start":{"line":15,"column":2},"end":{"line":21,"column":3}},"8":{"start":{"line":16,"column":20},"end":{"line":16,"column":55}},"9":{"start":{"line":17,"column":4},"end":{"line":17,"column":23}},"10":{"start":{"line":18,"column":4},"end":{"line":18,"column":18}},"11":{"start":{"line":20,"column":4},"end":{"line":20,"column":71}},"12":{"start":{"line":25,"column":2},"end":{"line":30,"column":4}},"13":{"start":{"line":26,"column":4},"end":{"line":28,"column":5}},"14":{"start":{"line":27,"column":6},"end":{"line":27,"column":58}},"15":{"start":{"line":29,"column":4},"end":{"line":29,"column":11}},"16":{"start":{"line":33,"column":0},"end":{"line":33,"column":50}}},"fnMap":{"0":{"name":"signToken","decl":{"start":{"line":4,"column":9},"end":{"line":4,"column":18}},"loc":{"start":{"line":4,"column":28},"end":{"line":6,"column":1}},"line":4},"1":{"name":"authorize","decl":{"start":{"line":8,"column":9},"end":{"line":8,"column":18}},"loc":{"start":{"line":8,"column":35},"end":{"line":22,"column":1}},"line":8},"2":{"name":"permit","decl":{"start":{"line":24,"column":9},"end":{"line":24,"column":15}},"loc":{"start":{"line":24,"column":26},"end":{"line":31,"column":1}},"line":24},"3":{"name":"(anonymous_3)","decl":{"start":{"line":25,"column":9},"end":{"line":25,"column":10}},"loc":{"start":{"line":25,"column":29},"end":{"line":30,"column":3}},"line":25}},"branchMap":{"0":{"loc":{"start":{"line":10,"column":2},"end":{"line":12,"column":3}},"type":"if","locations":[{"start":{"line":10,"column":2},"end":{"line":12,"column":3}},{"start":{},"end":{}}],"line":10},"1":{"loc":{"start":{"line":10,"column":6},"end":{"line":10,"column":54}},"type":"binary-expr","locations":[{"start":{"line":10,"column":6},"end":{"line":10,"column":17}},{"start":{"line":10,"column":21},"end":{"line":10,"column":54}}],"line":10},"2":{"loc":{"start":{"line":26,"column":4},"end":{"line":28,"column":5}},"type":"if","locations":[{"start":{"line":26,"column":4},"end":{"line":28,"column":5}},{"start":{},"end":{}}],"line":26},"3":{"loc":{"start":{"line":26,"column":8},"end":{"line":26,"column":51}},"type":"binary-expr","locations":[{"start":{"line":26,"column":8},"end":{"line":26,"column":17}},{"start":{"line":26,"column":21},"end":{"line":26,"column":51}}],"line":26}},"s":{"0":1,"1":1,"2":0,"3":5,"4":5,"5":0,"6":5,"7":5,"8":5,"9":5,"10":5,"11":0,"12":13,"13":5,"14":0,"15":5,"16":1},"f":{"0":0,"1":5,"2":13,"3":5},"b":{"0":[0,5],"1":[5,5],"2":[0,5],"3":[5,5]},"_coverageSchema":"1a1c01bbd47fc00a2c39e90264f33305004495a9","hash":"7da52d081533d29ae525122d5da9df90bf5f1e5d"}
,"/home/santoshkumar/trade-finance/api/src/caClient.js": {"path":"/home/santoshkumar/trade-finance/api/src/caClient.js","statementMap":{"0":{"start":{"line":1,"column":25},"end":{"line":1,"column":52}},"1":{"start":{"line":2,"column":17},"end":{"line":2,"column":41}},"2":{"start":{"line":3,"column":11},"end":{"line":3,"column":24}},"3":{"start":{"line":4,"column":13},"end":{"line":4,"column":28}},"4":{"start":{"line":5,"column":15},"end":{"line":5,"column":34}},"5":{"start":{"line":6,"column":27},"end":{"line":6,"column":71}},"6":{"start":{"line":7,"column":29},"end":{"line":7,"column":53}},"7":{"start":{"line":10,"column":18},"end":{"line":15,"column":3}},"8":{"start":{"line":16,"column":2},"end":{"line":16,"column":48}},"9":{"start":{"line":20,"column":17},"end":{"line":20,"column":73}},"10":{"start":{"line":21,"column":14},"end":{"line":21,"column":32}},"11":{"start":{"line":22,"column":17},"end":{"line":22,"column":51}},"12":{"start":{"line":23,"column":2},"end":{"line":25,"column":3}},"13":{"start":{"line":24,"column":4},"end":{"line":24,"column":86}},"14":{"start":{"line":26,"column":23},"end":{"line":26,"column":97}},"15":{"start":{"line":28,"column":14},"end":{"line":28,"column":24}},"16":{"start":{"line":29,"column":2},"end":{"line":31,"column":3}},"17":{"start":{"line":30,"column":4},"end":{"line":30,"column":52}},"18":{"start":{"line":32,"column":2},"end":{"line":32,"column":99}},"19":{"start":{"line":36,"column":2},"end":{"line":101,"column":3}},"20":{"start":{"line":37,"column":17},"end":{"line":37,"column":54}},"21":{"start":{"line":39,"column":4},"end":{"line":97,"column":5}},"22":{"start":{"line":40,"column":43},"end":{"line":40,"column":74}},"23":{"start":{"line":41,"column":21},"end":{"line":41,"column":44}},"24":{"start":{"line":42,"column":17},"end":{"line":42,"column":42}},"25":{"start":{"line":44,"column":26},"end":{"line":44,"column":42}},"26":{"start":{"line":45,"column":26},"end":{"line":45,"column":75}},"27":{"start":{"line":47,"column":6},"end":{"line":70,"column":7}},"28":{"start":{"line":48,"column":27},"end":{"line":48,"column":96}},"29":{"start":{"line":49,"column":29},"end":{"line":57,"column":9}},"30":{"start":{"line":59,"column":29},"end":{"line":59,"column":73}},"31":{"start":{"line":60,"column":8},"end":{"line":65,"column":10}},"32":{"start":{"line":66,"column":8},"end":{"line":66,"column":115}},"33":{"start":{"line":67,"column":8},"end":{"line":67,"column":74}},"34":{"start":{"line":69,"column":8},"end":{"line":69,"column":102}},"35":{"start":{"line":73,"column":34},"end":{"line":73,"column":78}},"36":{"start":{"line":74,"column":26},"end":{"line":74,"column":45}},"37":{"start":{"line":75,"column":24},"end":{"line":75,"column":41}},"38":{"start":{"line":76,"column":6},"end":{"line":76,"column":44}},"39":{"start":{"line":77,"column":25},"end":{"line":77,"column":94}},"40":{"start":{"line":78,"column":6},"end":{"line":78,"column":97}},"41":{"start":{"line":80,"column":33},"end":{"line":80,"column":59}},"42":{"start":{"line":81,"column":22},"end":{"line":81,"column":60}},"43":{"start":{"line":82,"column":26},"end":{"line":82,"column":50}},"44":{"start":{"line":84,"column":6},"end":{"line":89,"column":7}},"45":{"start":{"line":85,"column":8},"end":{"line":85,"column":83}},"46":{"start":{"line":86,"column":8},"end":{"line":86,"column":60}},"47":{"start":{"line":91,"column":6},"end":{"line":96,"column":7}},"48":{"start":{"line":92,"column":8},"end":{"line":92,"column":87}},"49":{"start":{"line":93,"column":8},"end":{"line":93,"column":66}},"50":{"start":{"line":99,"column":4},"end":{"line":99,"column":55}},"51":{"start":{"line":100,"column":4},"end":{"line":100,"column":16}},"52":{"start":{"line":105,"column":2},"end":{"line":141,"column":3}},"53":{"start":{"line":106,"column":19},"end":{"line":106,"column":43}},"54":{"start":{"line":107,"column":15},"end":{"line":107,"column":40}},"55":{"start":{"line":108,"column":21},"end":{"line":108,"column":67}},"56":{"start":{"line":109,"column":4},"end":{"line":112,"column":5}},"57":{"start":{"line":110,"column":6},"end":{"line":110,"column":91}},"58":{"start":{"line":111,"column":6},"end":{"line":111,"column":22}},"59":{"start":{"line":114,"column":23},"end":{"line":117,"column":6}},"60":{"start":{"line":119,"column":25},"end":{"line":127,"column":5}},"61":{"start":{"line":129,"column":25},"end":{"line":129,"column":69}},"62":{"start":{"line":130,"column":4},"end":{"line":135,"column":6}},"63":{"start":{"line":136,"column":4},"end":{"line":136,"column":89}},"64":{"start":{"line":137,"column":4},"end":{"line":137,"column":24}},"65":{"start":{"line":139,"column":4},"end":{"line":139,"column":67}},"66":{"start":{"line":140,"column":4},"end":{"line":140,"column":16}},"67":{"start":{"line":145,"column":2},"end":{"line":204,"column":3}},"68":{"start":{"line":146,"column":21},"end":{"line":146,"column":67}},"69":{"start":{"line":147,"column":4},"end":{"line":150,"column":5}},"70":{"start":{"line":148,"column":6},"end":{"line":148,"column":91}},"71":{"start":{"line":149,"column":6},"end":{"line":149,"column":22}},"72":{"start":{"line":152,"column":29},"end":{"line":152,"column":46}},"73":{"start":{"line":153,"column":26},"end":{"line":153,"column":80}},"74":{"start":{"line":154,"column":4},"end":{"line":156,"column":5}},"75":{"start":{"line":155,"column":6},"end":{"line":155,"column":112}},"76":{"start":{"line":158,"column":32},"end":{"line":158,"column":76}},"77":{"start":{"line":159,"column":19},"end":{"line":159,"column":43}},"78":{"start":{"line":160,"column":15},"end":{"line":160,"column":40}},"79":{"start":{"line":161,"column":24},"end":{"line":161,"column":43}},"80":{"start":{"line":162,"column":24},"end":{"line":162,"column":89}},"81":{"start":{"line":163,"column":22},"end":{"line":163,"column":46}},"82":{"start":{"line":164,"column":4},"end":{"line":164,"column":42}},"83":{"start":{"line":166,"column":23},"end":{"line":166,"column":92}},"84":{"start":{"line":167,"column":4},"end":{"line":167,"column":95}},"85":{"start":{"line":170,"column":4},"end":{"line":197,"column":5}},"86":{"start":{"line":171,"column":33},"end":{"line":176,"column":5}},"87":{"start":{"line":177,"column":24},"end":{"line":177,"column":72}},"88":{"start":{"line":179,"column":4},"end":{"line":185,"column":18}},"89":{"start":{"line":187,"column":6},"end":{"line":196,"column":7}},"90":{"start":{"line":188,"column":8},"end":{"line":188,"column":99}},"91":{"start":{"line":190,"column":8},"end":{"line":192,"column":9}},"92":{"start":{"line":191,"column":11},"end":{"line":191,"column":122}},"93":{"start":{"line":193,"column":8},"end":{"line":193,"column":32}},"94":{"start":{"line":195,"column":8},"end":{"line":195,"column":18}},"95":{"start":{"line":199,"column":4},"end":{"line":199,"column":54}},"96":{"start":{"line":201,"column":4},"end":{"line":201,"column":57}},"97":{"start":{"line":201,"column":45},"end":{"line":201,"column":57}},"98":{"start":{"line":202,"column":4},"end":{"line":202,"column":80}},"99":{"start":{"line":203,"column":4},"end":{"line":203,"column":16}},"100":{"start":{"line":207,"column":0},"end":{"line":207,"column":72}}},"fnMap":{"0":{"name":"getCaNameFromMsp","decl":{"start":{"line":9,"column":9},"end":{"line":9,"column":25}},"loc":{"start":{"line":9,"column":33},"end":{"line":17,"column":1}},"line":9},"1":{"name":"getCAClient","decl":{"start":{"line":19,"column":15},"end":{"line":19,"column":26}},"loc":{"start":{"line":19,"column":58},"end":{"line":33,"column":1}},"line":19},"2":{"name":"enrollAllAdmins","decl":{"start":{"line":35,"column":15},"end":{"line":35,"column":30}},"loc":{"start":{"line":35,"column":33},"end":{"line":102,"column":1}},"line":35},"3":{"name":"enrollUser","decl":{"start":{"line":104,"column":15},"end":{"line":104,"column":25}},"loc":{"start":{"line":104,"column":75},"end":{"line":142,"column":1}},"line":104},"4":{"name":"registerAndEnrollUser","decl":{"start":{"line":144,"column":15},"end":{"line":144,"column":36}},"loc":{"start":{"line":144,"column":107},"end":{"line":205,"column":1}},"line":144}},"branchMap":{"0":{"loc":{"start":{"line":16,"column":9},"end":{"line":16,"column":47}},"type":"binary-expr","locations":[{"start":{"line":16,"column":9},"end":{"line":16,"column":23}},{"start":{"line":16,"column":27},"end":{"line":16,"column":47}}],"line":16},"1":{"loc":{"start":{"line":19,"column":27},"end":{"line":19,"column":56}},"type":"default-arg","locations":[{"start":{"line":19,"column":36},"end":{"line":19,"column":56}}],"line":19},"2":{"loc":{"start":{"line":23,"column":2},"end":{"line":25,"column":3}},"type":"if","locations":[{"start":{"line":23,"column":2},"end":{"line":25,"column":3}},{"start":{},"end":{}}],"line":23},"3":{"loc":{"start":{"line":29,"column":2},"end":{"line":31,"column":3}},"type":"if","locations":[{"start":{"line":29,"column":2},"end":{"line":31,"column":3}},{"start":{},"end":{}}],"line":29},"4":{"loc":{"start":{"line":47,"column":6},"end":{"line":70,"column":7}},"type":"if","locations":[{"start":{"line":47,"column":6},"end":{"line":70,"column":7}},{"start":{"line":68,"column":13},"end":{"line":70,"column":7}}],"line":47},"5":{"loc":{"start":{"line":104,"column":44},"end":{"line":104,"column":73}},"type":"default-arg","locations":[{"start":{"line":104,"column":53},"end":{"line":104,"column":73}}],"line":104},"6":{"loc":{"start":{"line":109,"column":4},"end":{"line":112,"column":5}},"type":"if","locations":[{"start":{"line":109,"column":4},"end":{"line":112,"column":5}},{"start":{},"end":{}}],"line":109},"7":{"loc":{"start":{"line":144,"column":53},"end":{"line":144,"column":82}},"type":"default-arg","locations":[{"start":{"line":144,"column":62},"end":{"line":144,"column":82}}],"line":144},"8":{"loc":{"start":{"line":144,"column":84},"end":{"line":144,"column":105}},"type":"default-arg","locations":[{"start":{"line":144,"column":101},"end":{"line":144,"column":105}}],"line":144},"9":{"loc":{"start":{"line":147,"column":4},"end":{"line":150,"column":5}},"type":"if","locations":[{"start":{"line":147,"column":4},"end":{"line":150,"column":5}},{"start":{},"end":{}}],"line":147},"10":{"loc":{"start":{"line":154,"column":4},"end":{"line":156,"column":5}},"type":"if","locations":[{"start":{"line":154,"column":4},"end":{"line":156,"column":5}},{"start":{},"end":{}}],"line":154},"11":{"loc":{"start":{"line":162,"column":24},"end":{"line":162,"column":89}},"type":"binary-expr","locations":[{"start":{"line":162,"column":24},"end":{"line":162,"column":56}},{"start":{"line":162,"column":60},"end":{"line":162,"column":89}}],"line":162},"12":{"loc":{"start":{"line":177,"column":24},"end":{"line":177,"column":72}},"type":"binary-expr","locations":[{"start":{"line":177,"column":24},"end":{"line":177,"column":50}},{"start":{"line":177,"column":54},"end":{"line":177,"column":72}}],"line":177},"13":{"loc":{"start":{"line":187,"column":6},"end":{"line":196,"column":7}},"type":"if","locations":[{"start":{"line":187,"column":6},"end":{"line":196,"column":7}},{"start":{"line":194,"column":13},"end":{"line":196,"column":7}}],"line":187},"14":{"loc":{"start":{"line":190,"column":8},"end":{"line":192,"column":9}},"type":"if","locations":[{"start":{"line":190,"column":8},"end":{"line":192,"column":9}},{"start":{},"end":{}}],"line":190},"15":{"loc":{"start":{"line":201,"column":4},"end":{"line":201,"column":57}},"type":"if","locations":[{"start":{"line":201,"column":4},"end":{"line":201,"column":57}},{"start":{},"end":{}}],"line":201}},"s":{"0":1,"1":1,"2":1,"3":1,"4":1,"5":1,"6":1,"7":0,"8":0,"9":0,"10":0,"11":0,"12":0,"13":0,"14":0,"15":0,"16":0,"17":0,"18":0,"19":0,"20":0,"21":0,"22":0,"23":0,"24":0,"25":0,"26":0,"27":0,"28":0,"29":0,"30":0,"31":0,"32":0,"33":0,"34":0,"35":0,"36":0,"37":0,"38":0,"39":0,"40":0,"41":0,"42":0,"43":0,"44":0,"45":0,"46":0,"47":0,"48":0,"49":0,"50":0,"51":0,"52":0,"53":0,"54":0,"55":0,"56":0,"57":0,"58":0,"59":0,"60":0,"61":0,"62":0,"63":0,"64":0,"65":0,"66":0,"67":0,"68":0,"69":0,"70":0,"71":0,"72":0,"73":0,"74":0,"75":0,"76":0,"77":0,"78":0,"79":0,"80":0,"81":0,"82":0,"83":0,"84":0,"85":0,"86":0,"87":0,"88":0,"89":0,"90":0,"91":0,"92":0,"93":0,"94":0,"95":0,"96":0,"97":0,"98":0,"99":0,"100":1},"f":{"0":0,"1":0,"2":0,"3":0,"4":0},"b":{"0":[0,0],"1":[0],"2":[0,0],"3":[0,0],"4":[0,0],"5":[0],"6":[0,0],"7":[0],"8":[0],"9":[0,0],"10":[0,0],"11":[0,0],"12":[0,0],"13":[0,0],"14":[0,0],"15":[0,0]},"_coverageSchema":"1a1c01bbd47fc00a2c39e90264f33305004495a9","hash":"3a7cb01d7b1f7acd68564b0989f5fe9009f4681a"}
,"/home/santoshkumar/trade-finance/api/src/config.js": {"path":"/home/santoshkumar/trade-finance/api/src/config.js","statementMap":{"0":{"start":{"line":1,"column":13},"end":{"line":1,"column":28}},"1":{"start":{"line":2,"column":11},"end":{"line":2,"column":24}},"2":{"start":{"line":3,"column":15},"end":{"line":3,"column":32}},"3":{"start":{"line":4,"column":16},"end":{"line":4,"column":53}},"4":{"start":{"line":5,"column":19},"end":{"line":5,"column":64}},"5":{"start":{"line":7,"column":0},"end":{"line":7,"column":71}},"6":{"start":{"line":9,"column":0},"end":{"line":44,"column":2}}},"fnMap":{},"branchMap":{"0":{"loc":{"start":{"line":7,"column":22},"end":{"line":7,"column":67}},"type":"cond-expr","locations":[{"start":{"line":7,"column":47},"end":{"line":7,"column":54}},{"start":{"line":7,"column":57},"end":{"line":7,"column":67}}],"line":7},"1":{"loc":{"start":{"line":10,"column":8},"end":{"line":10,"column":32}},"type":"binary-expr","locations":[{"start":{"line":10,"column":8},"end":{"line":10,"column":24}},{"start":{"line":10,"column":28},"end":{"line":10,"column":32}}],"line":10},"2":{"loc":{"start":{"line":11,"column":13},"end":{"line":11,"column":55}},"type":"binary-expr","locations":[{"start":{"line":11,"column":13},"end":{"line":11,"column":35}},{"start":{"line":11,"column":39},"end":{"line":11,"column":55}}],"line":11},"3":{"loc":{"start":{"line":12,"column":16},"end":{"line":12,"column":50}},"type":"binary-expr","locations":[{"start":{"line":12,"column":16},"end":{"line":12,"column":42}},{"start":{"line":12,"column":46},"end":{"line":12,"column":50}}],"line":12},"4":{"loc":{"start":{"line":13,"column":9},"end":{"line":13,"column":95}},"type":"binary-expr","locations":[{"start":{"line":13,"column":9},"end":{"line":13,"column":33}},{"start":{"line":13,"column":37},"end":{"line":13,"column":95}}],"line":13},"5":{"loc":{"start":{"line":16,"column":16},"end":{"line":16,"column":86}},"type":"binary-expr","locations":[{"start":{"line":16,"column":16},"end":{"line":16,"column":46}},{"start":{"line":16,"column":50},"end":{"line":16,"column":86}}],"line":16},"6":{"loc":{"start":{"line":20,"column":23},"end":{"line":20,"column":142}},"type":"binary-expr","locations":[{"start":{"line":20,"column":23},"end":{"line":20,"column":60}},{"start":{"line":20,"column":64},"end":{"line":20,"column":142}}],"line":20},"7":{"loc":{"start":{"line":22,"column":17},"end":{"line":22,"column":66}},"type":"binary-expr","locations":[{"start":{"line":22,"column":17},"end":{"line":22,"column":48}},{"start":{"line":22,"column":52},"end":{"line":22,"column":66}}],"line":22},"8":{"loc":{"start":{"line":23,"column":19},"end":{"line":23,"column":68}},"type":"binary-expr","locations":[{"start":{"line":23,"column":19},"end":{"line":23,"column":52}},{"start":{"line":23,"column":56},"end":{"line":23,"column":68}}],"line":23},"9":{"loc":{"start":{"line":26,"column":12},"end":{"line":26,"column":51}},"type":"binary-expr","locations":[{"start":{"line":26,"column":12},"end":{"line":26,"column":38}},{"start":{"line":26,"column":42},"end":{"line":26,"column":51}}],"line":26},"10":{"loc":{"start":{"line":27,"column":12},"end":{"line":27,"column":51}},"type":"binary-expr","locations":[{"start":{"line":27,"column":12},"end":{"line":27,"column":38}},{"start":{"line":27,"column":42},"end":{"line":27,"column":51}}],"line":27},"11":{"loc":{"start":{"line":30,"column":12},"end":{"line":30,"column":51}},"type":"binary-expr","locations":[{"start":{"line":30,"column":12},"end":{"line":30,"column":38}},{"start":{"line":30,"column":42},"end":{"line":30,"column":51}}],"line":30},"12":{"loc":{"start":{"line":31,"column":13},"end":{"line":31,"column":51}},"type":"binary-expr","locations":[{"start":{"line":31,"column":13},"end":{"line":31,"column":40}},{"start":{"line":31,"column":44},"end":{"line":31,"column":51}}],"line":31},"13":{"loc":{"start":{"line":32,"column":15},"end":{"line":32,"column":58}},"type":"binary-expr","locations":[{"start":{"line":32,"column":15},"end":{"line":32,"column":45}},{"start":{"line":32,"column":49},"end":{"line":32,"column":58}}],"line":32},"14":{"loc":{"start":{"line":34,"column":23},"end":{"line":34,"column":66}},"type":"binary-expr","locations":[{"start":{"line":34,"column":23},"end":{"line":34,"column":55}},{"start":{"line":34,"column":59},"end":{"line":34,"column":66}}],"line":34},"15":{"loc":{"start":{"line":34,"column":72},"end":{"line":34,"column":120}},"type":"binary-expr","locations":[{"start":{"line":34,"column":72},"end":{"line":34,"column":107}},{"start":{"line":34,"column":111},"end":{"line":34,"column":120}}],"line":34},"16":{"loc":{"start":{"line":35,"column":23},"end":{"line":35,"column":66}},"type":"binary-expr","locations":[{"start":{"line":35,"column":23},"end":{"line":35,"column":55}},{"start":{"line":35,"column":59},"end":{"line":35,"column":66}}],"line":35},"17":{"loc":{"start":{"line":35,"column":72},"end":{"line":35,"column":120}},"type":"binary-expr","locations":[{"start":{"line":35,"column":72},"end":{"line":35,"column":107}},{"start":{"line":35,"column":111},"end":{"line":35,"column":120}}],"line":35},"18":{"loc":{"start":{"line":36,"column":23},"end":{"line":36,"column":66}},"type":"binary-expr","locations":[{"start":{"line":36,"column":23},"end":{"line":36,"column":55}},{"start":{"line":36,"column":59},"end":{"line":36,"column":66}}],"line":36},"19":{"loc":{"start":{"line":36,"column":72},"end":{"line":36,"column":120}},"type":"binary-expr","locations":[{"start":{"line":36,"column":72},"end":{"line":36,"column":107}},{"start":{"line":36,"column":111},"end":{"line":36,"column":120}}],"line":36},"20":{"loc":{"start":{"line":37,"column":23},"end":{"line":37,"column":66}},"type":"binary-expr","locations":[{"start":{"line":37,"column":23},"end":{"line":37,"column":55}},{"start":{"line":37,"column":59},"end":{"line":37,"column":66}}],"line":37},"21":{"loc":{"start":{"line":37,"column":72},"end":{"line":37,"column":120}},"type":"binary-expr","locations":[{"start":{"line":37,"column":72},"end":{"line":37,"column":107}},{"start":{"line":37,"column":111},"end":{"line":37,"column":120}}],"line":37}},"s":{"0":10,"1":10,"2":10,"3":10,"4":10,"5":10,"6":10},"f":{},"b":{"0":[7,3],"1":[10,3],"2":[10,3],"3":[10,3],"4":[10,3],"5":[10,3],"6":[10,3],"7":[10,3],"8":[10,3],"9":[10,3],"10":[10,3],"11":[10,10],"12":[10,3],"13":[10,3],"14":[10,10],"15":[10,10],"16":[10,10],"17":[10,10],"18":[10,10],"19":[10,10],"20":[10,10],"21":[10,10]},"_coverageSchema":"1a1c01bbd47fc00a2c39e90264f33305004495a9","hash":"dd855bc764d78b6cf4133c67a06180c0d9605ec1"}
,"/home/santoshkumar/trade-finance/api/src/cryptoUtils.js": {"path":"/home/santoshkumar/trade-finance/api/src/cryptoUtils.js","statementMap":{"0":{"start":{"line":1,"column":15},"end":{"line":1,"column":32}},"1":{"start":{"line":2,"column":15},"end":{"line":2,"column":34}},"2":{"start":{"line":4,"column":18},"end":{"line":4,"column":31}},"3":{"start":{"line":5,"column":18},"end":{"line":5,"column":20}},"4":{"start":{"line":6,"column":24},"end":{"line":6,"column":26}},"5":{"start":{"line":12,"column":14},"end":{"line":12,"column":49}},"6":{"start":{"line":13,"column":2},"end":{"line":15,"column":3}},"7":{"start":{"line":14,"column":4},"end":{"line":14,"column":79}},"8":{"start":{"line":17,"column":2},"end":{"line":17,"column":58}},"9":{"start":{"line":26,"column":13},"end":{"line":26,"column":42}},"10":{"start":{"line":27,"column":17},"end":{"line":27,"column":73}},"11":{"start":{"line":29,"column":20},"end":{"line":29,"column":72}},"12":{"start":{"line":30,"column":18},"end":{"line":30,"column":37}},"13":{"start":{"line":32,"column":2},"end":{"line":32,"column":98}},"14":{"start":{"line":41,"column":54},"end":{"line":41,"column":78}},"15":{"start":{"line":42,"column":2},"end":{"line":44,"column":3}},"16":{"start":{"line":43,"column":4},"end":{"line":43,"column":53}},"17":{"start":{"line":46,"column":13},"end":{"line":46,"column":44}},"18":{"start":{"line":47,"column":18},"end":{"line":47,"column":54}},"19":{"start":{"line":48,"column":21},"end":{"line":48,"column":60}},"20":{"start":{"line":50,"column":19},"end":{"line":50,"column":77}},"21":{"start":{"line":51,"column":2},"end":{"line":51,"column":31}},"22":{"start":{"line":53,"column":2},"end":{"line":53,"column":72}},"23":{"start":{"line":56,"column":0},"end":{"line":56,"column":38}}},"fnMap":{"0":{"name":"getEncryptionKey","decl":{"start":{"line":11,"column":9},"end":{"line":11,"column":25}},"loc":{"start":{"line":11,"column":28},"end":{"line":18,"column":1}},"line":11},"1":{"name":"encrypt","decl":{"start":{"line":25,"column":9},"end":{"line":25,"column":16}},"loc":{"start":{"line":25,"column":23},"end":{"line":33,"column":1}},"line":25},"2":{"name":"decrypt","decl":{"start":{"line":40,"column":9},"end":{"line":40,"column":16}},"loc":{"start":{"line":40,"column":32},"end":{"line":54,"column":1}},"line":40}},"branchMap":{"0":{"loc":{"start":{"line":13,"column":2},"end":{"line":15,"column":3}},"type":"if","locations":[{"start":{"line":13,"column":2},"end":{"line":15,"column":3}},{"start":{},"end":{}}],"line":13},"1":{"loc":{"start":{"line":42,"column":2},"end":{"line":44,"column":3}},"type":"if","locations":[{"start":{"line":42,"column":2},"end":{"line":44,"column":3}},{"start":{},"end":{}}],"line":42},"2":{"loc":{"start":{"line":42,"column":6},"end":{"line":42,"column":54}},"type":"binary-expr","locations":[{"start":{"line":42,"column":6},"end":{"line":42,"column":15}},{"start":{"line":42,"column":19},"end":{"line":42,"column":33}},{"start":{"line":42,"column":37},"end":{"line":42,"column":54}}],"line":42}},"s":{"0":6,"1":6,"2":6,"3":6,"4":6,"5":9,"6":9,"7":2,"8":7,"9":5,"10":5,"11":4,"12":4,"13":4,"14":6,"15":6,"16":2,"17":4,"18":4,"19":4,"20":4,"21":3,"22":3,"23":6},"f":{"0":9,"1":5,"2":6},"b":{"0":[2,7],"1":[2,4],"2":[6,6,5]},"_coverageSchema":"1a1c01bbd47fc00a2c39e90264f33305004495a9","hash":"ad2ccd490ecbd226ae224b5fe24da4a4ea9520c9"}
,"/home/santoshkumar/trade-finance/api/src/eventListener.js": {"path":"/home/santoshkumar/trade-finance/api/src/eventListener.js","statementMap":{"0":{"start":{"line":1,"column":15},"end":{"line":1,"column":34}},"1":{"start":{"line":2,"column":27},"end":{"line":2,"column":71}},"2":{"start":{"line":7,"column":2},"end":{"line":7,"column":80}},"3":{"start":{"line":8,"column":2},"end":{"line":8,"column":9}},"4":{"start":{"line":12,"column":2},"end":{"line":31,"column":3}},"5":{"start":{"line":13,"column":19},"end":{"line":13,"column":72}},"6":{"start":{"line":14,"column":15},"end":{"line":14,"column":44}},"7":{"start":{"line":16,"column":4},"end":{"line":28,"column":7}},"8":{"start":{"line":30,"column":4},"end":{"line":30,"column":74}},"9":{"start":{"line":34,"column":0},"end":{"line":34,"column":56}}},"fnMap":{"0":{"name":"startEventListener","decl":{"start":{"line":4,"column":15},"end":{"line":4,"column":33}},"loc":{"start":{"line":4,"column":36},"end":{"line":9,"column":1}},"line":4},"1":{"name":"syncLCMetadata","decl":{"start":{"line":11,"column":15},"end":{"line":11,"column":29}},"loc":{"start":{"line":11,"column":57},"end":{"line":32,"column":1}},"line":11}},"branchMap":{},"s":{"0":1,"1":1,"2":0,"3":0,"4":0,"5":0,"6":0,"7":0,"8":0,"9":1},"f":{"0":0,"1":0},"b":{},"_coverageSchema":"1a1c01bbd47fc00a2c39e90264f33305004495a9","hash":"fa423b5a160ebdad33e38d390579836a79202269"}
,"/home/santoshkumar/trade-finance/api/src/metrics.js": {"path":"/home/santoshkumar/trade-finance/api/src/metrics.js","statementMap":{"0":{"start":{"line":1,"column":15},"end":{"line":1,"column":37}},"1":{"start":{"line":4,"column":17},"end":{"line":4,"column":38}},"2":{"start":{"line":7,"column":0},"end":{"line":9,"column":3}},"3":{"start":{"line":12,"column":0},"end":{"line":12,"column":43}},"4":{"start":{"line":15,"column":25},"end":{"line":19,"column":2}},"5":{"start":{"line":21,"column":30},"end":{"line":26,"column":2}},"6":{"start":{"line":28,"column":26},"end":{"line":31,"column":2}},"7":{"start":{"line":34,"column":0},"end":{"line":34,"column":42}},"8":{"start":{"line":35,"column":0},"end":{"line":35,"column":47}},"9":{"start":{"line":36,"column":0},"end":{"line":36,"column":43}},"10":{"start":{"line":38,"column":0},"end":{"line":43,"column":2}}},"fnMap":{},"branchMap":{},"s":{"0":3,"1":3,"2":3,"3":3,"4":3,"5":3,"6":3,"7":3,"8":3,"9":3,"10":3},"f":{},"b":{},"_coverageSchema":"1a1c01bbd47fc00a2c39e90264f33305004495a9","hash":"3d62e86d3519490c084f004ee5203d7706262617"}
,"/home/santoshkumar/trade-finance/api/src/seeder.js": {"path":"/home/santoshkumar/trade-finance/api/src/seeder.js","statementMap":{"0":{"start":{"line":1,"column":15},"end":{"line":1,"column":34}},"1":{"start":{"line":2,"column":27},"end":{"line":2,"column":71}},"2":{"start":{"line":3,"column":17},"end":{"line":3,"column":38}},"3":{"start":{"line":6,"column":2},"end":{"line":64,"column":3}},"4":{"start":{"line":7,"column":4},"end":{"line":7,"column":73}},"5":{"start":{"line":8,"column":17},"end":{"line":8,"column":41}},"6":{"start":{"line":9,"column":25},"end":{"line":9,"column":60}},"7":{"start":{"line":11,"column":18},"end":{"line":16,"column":5}},"8":{"start":{"line":18,"column":4},"end":{"line":44,"column":5}},"9":{"start":{"line":19,"column":6},"end":{"line":43,"column":7}},"10":{"start":{"line":21,"column":8},"end":{"line":28,"column":11}},"11":{"start":{"line":27,"column":10},"end":{"line":27,"column":46}},"12":{"start":{"line":27,"column":36},"end":{"line":27,"column":46}},"13":{"start":{"line":31,"column":8},"end":{"line":40,"column":9}},"14":{"start":{"line":32,"column":35},"end":{"line":32,"column":45}},"15":{"start":{"line":33,"column":10},"end":{"line":33,"column":101}},"16":{"start":{"line":35,"column":10},"end":{"line":39,"column":11}},"17":{"start":{"line":36,"column":12},"end":{"line":38,"column":15}},"18":{"start":{"line":37,"column":15},"end":{"line":37,"column":95}},"19":{"start":{"line":42,"column":8},"end":{"line":42,"column":78}},"20":{"start":{"line":47,"column":4},"end":{"line":58,"column":5}},"21":{"start":{"line":48,"column":6},"end":{"line":55,"column":9}},"22":{"start":{"line":54,"column":8},"end":{"line":54,"column":44}},"23":{"start":{"line":54,"column":34},"end":{"line":54,"column":44}},"24":{"start":{"line":57,"column":6},"end":{"line":57,"column":71}},"25":{"start":{"line":60,"column":4},"end":{"line":60,"column":46}},"26":{"start":{"line":62,"column":4},"end":{"line":62,"column":50}},"27":{"start":{"line":63,"column":4},"end":{"line":63,"column":14}},"28":{"start":{"line":67,"column":0},"end":{"line":67,"column":34}}},"fnMap":{"0":{"name":"seedDatabase","decl":{"start":{"line":5,"column":15},"end":{"line":5,"column":27}},"loc":{"start":{"line":5,"column":30},"end":{"line":65,"column":1}},"line":5},"1":{"name":"(anonymous_1)","decl":{"start":{"line":26,"column":17},"end":{"line":26,"column":18}},"loc":{"start":{"line":26,"column":24},"end":{"line":28,"column":9}},"line":26},"2":{"name":"(anonymous_2)","decl":{"start":{"line":36,"column":87},"end":{"line":36,"column":88}},"loc":{"start":{"line":36,"column":92},"end":{"line":38,"column":13}},"line":36},"3":{"name":"(anonymous_3)","decl":{"start":{"line":53,"column":15},"end":{"line":53,"column":16}},"loc":{"start":{"line":53,"column":22},"end":{"line":55,"column":7}},"line":53}},"branchMap":{"0":{"loc":{"start":{"line":27,"column":10},"end":{"line":27,"column":46}},"type":"if","locations":[{"start":{"line":27,"column":10},"end":{"line":27,"column":46}},{"start":{},"end":{}}],"line":27},"1":{"loc":{"start":{"line":35,"column":10},"end":{"line":39,"column":11}},"type":"if","locations":[{"start":{"line":35,"column":10},"end":{"line":39,"column":11}},{"start":{},"end":{}}],"line":35},"2":{"loc":{"start":{"line":54,"column":8},"end":{"line":54,"column":44}},"type":"if","locations":[{"start":{"line":54,"column":8},"end":{"line":54,"column":44}},{"start":{},"end":{}}],"line":54}},"s":{"0":1,"1":1,"2":1,"3":0,"4":0,"5":0,"6":0,"7":0,"8":0,"9":0,"10":0,"11":0,"12":0,"13":0,"14":0,"15":0,"16":0,"17":0,"18":0,"19":0,"20":0,"21":0,"22":0,"23":0,"24":0,"25":0,"26":0,"27":0,"28":1},"f":{"0":0,"1":0,"2":0,"3":0},"b":{"0":[0,0],"1":[0,0],"2":[0,0]},"_coverageSchema":"1a1c01bbd47fc00a2c39e90264f33305004495a9","hash":"6d5007bfeb8a14968190e630ff0c6ef21d456992"}
,"/home/santoshkumar/trade-finance/api/src/swagger.js": {"path":"/home/santoshkumar/trade-finance/api/src/swagger.js","statementMap":{"0":{"start":{"line":1,"column":21},"end":{"line":1,"column":45}},"1":{"start":{"line":2,"column":18},"end":{"line":2,"column":47}},"2":{"start":{"line":3,"column":15},"end":{"line":3,"column":34}},"3":{"start":{"line":5,"column":16},"end":{"line":49,"column":1}},"4":{"start":{"line":51,"column":14},"end":{"line":51,"column":35}},"5":{"start":{"line":53,"column":0},"end":{"line":56,"column":2}}},"fnMap":{},"branchMap":{},"s":{"0":1,"1":1,"2":1,"3":1,"4":1,"5":1},"f":{},"b":{},"_coverageSchema":"1a1c01bbd47fc00a2c39e90264f33305004495a9","hash":"baa42d0c2cb793158b2202bc92befd7dcc480466"}
,"/home/santoshkumar/trade-finance/api/src/tracing.js": {"path":"/home/santoshkumar/trade-finance/api/src/tracing.js","statementMap":{"0":{"start":{"line":2,"column":20},"end":{"line":2,"column":54}},"1":{"start":{"line":3,"column":30},"end":{"line":3,"column":80}},"2":{"start":{"line":4,"column":21},"end":{"line":4,"column":56}},"3":{"start":{"line":5,"column":39},"end":{"line":5,"column":85}},"4":{"start":{"line":6,"column":40},"end":{"line":6,"column":92}},"5":{"start":{"line":9,"column":22},"end":{"line":11,"column":2}},"6":{"start":{"line":14,"column":12},"end":{"line":29,"column":2}},"7":{"start":{"line":32,"column":0},"end":{"line":37,"column":1}},"8":{"start":{"line":33,"column":2},"end":{"line":33,"column":14}},"9":{"start":{"line":34,"column":2},"end":{"line":34,"column":51}},"10":{"start":{"line":36,"column":2},"end":{"line":36,"column":60}},"11":{"start":{"line":40,"column":0},"end":{"line":45,"column":3}},"12":{"start":{"line":41,"column":2},"end":{"line":44,"column":36}},"13":{"start":{"line":42,"column":16},"end":{"line":42,"column":63}},"14":{"start":{"line":43,"column":22},"end":{"line":43,"column":78}},"15":{"start":{"line":44,"column":19},"end":{"line":44,"column":34}},"16":{"start":{"line":47,"column":0},"end":{"line":47,"column":25}}},"fnMap":{"0":{"name":"(anonymous_0)","decl":{"start":{"line":40,"column":22},"end":{"line":40,"column":23}},"loc":{"start":{"line":40,"column":28},"end":{"line":45,"column":1}},"line":40},"1":{"name":"(anonymous_1)","decl":{"start":{"line":42,"column":10},"end":{"line":42,"column":11}},"loc":{"start":{"line":42,"column":16},"end":{"line":42,"column":63}},"line":42},"2":{"name":"(anonymous_2)","decl":{"start":{"line":43,"column":11},"end":{"line":43,"column":12}},"loc":{"start":{"line":43,"column":22},"end":{"line":43,"column":78}},"line":43},"3":{"name":"(anonymous_3)","decl":{"start":{"line":44,"column":13},"end":{"line":44,"column":14}},"loc":{"start":{"line":44,"column":19},"end":{"line":44,"column":34}},"line":44}},"branchMap":{"0":{"loc":{"start":{"line":10,"column":7},"end":{"line":10,"column":70}},"type":"binary-expr","locations":[{"start":{"line":10,"column":7},"end":{"line":10,"column":46}},{"start":{"line":10,"column":50},"end":{"line":10,"column":70}}],"line":10},"1":{"loc":{"start":{"line":18,"column":57},"end":{"line":18,"column":94}},"type":"binary-expr","locations":[{"start":{"line":18,"column":57},"end":{"line":18,"column":77}},{"start":{"line":18,"column":81},"end":{"line":18,"column":94}}],"line":18}},"s":{"0":1,"1":1,"2":1,"3":1,"4":1,"5":1,"6":1,"7":1,"8":1,"9":1,"10":0,"11":1,"12":0,"13":0,"14":0,"15":0,"16":1},"f":{"0":0,"1":0,"2":0,"3":0},"b":{"0":[1,1],"1":[1,0]},"_coverageSchema":"1a1c01bbd47fc00a2c39e90264f33305004495a9","hash":"4812e7073217026bfa1fcdb547725bad1c84b7fb"}
,"/home/santoshkumar/trade-finance/api/src/controllers/authController.js": {"path":"/home/santoshkumar/trade-finance/api/src/controllers/authController.js","statementMap":{"0":{"start":{"line":1,"column":20},"end":{"line":1,"column":54}},"1":{"start":{"line":3,"column":23},"end":{"line":19,"column":1}},"2":{"start":{"line":5,"column":4},"end":{"line":17,"column":5}},"3":{"start":{"line":6,"column":21},"end":{"line":6,"column":59}},"4":{"start":{"line":7,"column":6},"end":{"line":11,"column":9}},"5":{"start":{"line":13,"column":6},"end":{"line":16,"column":9}},"6":{"start":{"line":21,"column":0},"end":{"line":21,"column":32}}},"fnMap":{"0":{"name":"(anonymous_0)","decl":{"start":{"line":4,"column":2},"end":{"line":4,"column":3}},"loc":{"start":{"line":4,"column":25},"end":{"line":18,"column":3}},"line":4}},"branchMap":{},"s":{"0":1,"1":1,"2":0,"3":0,"4":0,"5":0,"6":1},"f":{"0":0},"b":{},"_coverageSchema":"1a1c01bbd47fc00a2c39e90264f33305004495a9","hash":"a4af8b6eb287dfb153416b30689d28ebc34b620f"}
,"/home/santoshkumar/trade-finance/api/src/controllers/lcController.js": {"path":"/home/santoshkumar/trade-finance/api/src/controllers/lcController.js","statementMap":{"0":{"start":{"line":1,"column":18},"end":{"line":1,"column":50}},"1":{"start":{"line":3,"column":21},"end":{"line":148,"column":1}},"2":{"start":{"line":5,"column":4},"end":{"line":10,"column":5}},"3":{"start":{"line":6,"column":21},"end":{"line":6,"column":77}},"4":{"start":{"line":7,"column":6},"end":{"line":7,"column":51}},"5":{"start":{"line":9,"column":6},"end":{"line":9,"column":51}},"6":{"start":{"line":14,"column":4},"end":{"line":36,"column":5}},"7":{"start":{"line":15,"column":34},"end":{"line":15,"column":42}},"8":{"start":{"line":16,"column":21},"end":{"line":16,"column":83}},"9":{"start":{"line":18,"column":6},"end":{"line":33,"column":7}},"10":{"start":{"line":19,"column":8},"end":{"line":25,"column":11}},"11":{"start":{"line":27,"column":8},"end":{"line":32,"column":11}},"12":{"start":{"line":35,"column":6},"end":{"line":35,"column":51}},"13":{"start":{"line":40,"column":4},"end":{"line":45,"column":5}},"14":{"start":{"line":41,"column":21},"end":{"line":41,"column":97}},"15":{"start":{"line":42,"column":6},"end":{"line":42,"column":51}},"16":{"start":{"line":44,"column":6},"end":{"line":44,"column":51}},"17":{"start":{"line":49,"column":4},"end":{"line":54,"column":5}},"18":{"start":{"line":50,"column":21},"end":{"line":50,"column":98}},"19":{"start":{"line":51,"column":6},"end":{"line":51,"column":51}},"20":{"start":{"line":53,"column":6},"end":{"line":53,"column":51}},"21":{"start":{"line":58,"column":4},"end":{"line":64,"column":5}},"22":{"start":{"line":59,"column":36},"end":{"line":59,"column":44}},"23":{"start":{"line":60,"column":21},"end":{"line":60,"column":89}},"24":{"start":{"line":61,"column":6},"end":{"line":61,"column":51}},"25":{"start":{"line":63,"column":6},"end":{"line":63,"column":51}},"26":{"start":{"line":68,"column":4},"end":{"line":73,"column":5}},"27":{"start":{"line":69,"column":21},"end":{"line":69,"column":100}},"28":{"start":{"line":70,"column":6},"end":{"line":70,"column":51}},"29":{"start":{"line":72,"column":6},"end":{"line":72,"column":51}},"30":{"start":{"line":77,"column":4},"end":{"line":99,"column":5}},"31":{"start":{"line":78,"column":37},"end":{"line":78,"column":45}},"32":{"start":{"line":79,"column":21},"end":{"line":79,"column":81}},"33":{"start":{"line":81,"column":6},"end":{"line":96,"column":7}},"34":{"start":{"line":82,"column":8},"end":{"line":88,"column":11}},"35":{"start":{"line":90,"column":8},"end":{"line":95,"column":11}},"36":{"start":{"line":98,"column":6},"end":{"line":98,"column":51}},"37":{"start":{"line":103,"column":4},"end":{"line":109,"column":5}},"38":{"start":{"line":104,"column":36},"end":{"line":104,"column":44}},"39":{"start":{"line":105,"column":21},"end":{"line":105,"column":85}},"40":{"start":{"line":106,"column":6},"end":{"line":106,"column":51}},"41":{"start":{"line":108,"column":6},"end":{"line":108,"column":51}},"42":{"start":{"line":113,"column":4},"end":{"line":118,"column":5}},"43":{"start":{"line":114,"column":21},"end":{"line":114,"column":97}},"44":{"start":{"line":115,"column":6},"end":{"line":115,"column":51}},"45":{"start":{"line":117,"column":6},"end":{"line":117,"column":51}},"46":{"start":{"line":122,"column":4},"end":{"line":128,"column":5}},"47":{"start":{"line":123,"column":25},"end":{"line":123,"column":34}},"48":{"start":{"line":124,"column":21},"end":{"line":124,"column":58}},"49":{"start":{"line":125,"column":6},"end":{"line":125,"column":51}},"50":{"start":{"line":127,"column":6},"end":{"line":127,"column":51}},"51":{"start":{"line":132,"column":4},"end":{"line":137,"column":5}},"52":{"start":{"line":133,"column":21},"end":{"line":133,"column":74}},"53":{"start":{"line":134,"column":6},"end":{"line":134,"column":51}},"54":{"start":{"line":136,"column":6},"end":{"line":136,"column":51}},"55":{"start":{"line":141,"column":4},"end":{"line":146,"column":5}},"56":{"start":{"line":142,"column":21},"end":{"line":142,"column":80}},"57":{"start":{"line":143,"column":6},"end":{"line":143,"column":51}},"58":{"start":{"line":145,"column":6},"end":{"line":145,"column":51}},"59":{"start":{"line":150,"column":0},"end":{"line":150,"column":30}}},"fnMap":{"0":{"name":"(anonymous_0)","decl":{"start":{"line":4,"column":2},"end":{"line":4,"column":3}},"loc":{"start":{"line":4,"column":27},"end":{"line":11,"column":3}},"line":4},"1":{"name":"(anonymous_1)","decl":{"start":{"line":13,"column":2},"end":{"line":13,"column":3}},"loc":{"start":{"line":13,"column":26},"end":{"line":37,"column":3}},"line":13},"2":{"name":"(anonymous_2)","decl":{"start":{"line":39,"column":2},"end":{"line":39,"column":3}},"loc":{"start":{"line":39,"column":27},"end":{"line":46,"column":3}},"line":39},"3":{"name":"(anonymous_3)","decl":{"start":{"line":48,"column":2},"end":{"line":48,"column":3}},"loc":{"start":{"line":48,"column":28},"end":{"line":55,"column":3}},"line":48},"4":{"name":"(anonymous_4)","decl":{"start":{"line":57,"column":2},"end":{"line":57,"column":3}},"loc":{"start":{"line":57,"column":25},"end":{"line":65,"column":3}},"line":57},"5":{"name":"(anonymous_5)","decl":{"start":{"line":67,"column":2},"end":{"line":67,"column":3}},"loc":{"start":{"line":67,"column":27},"end":{"line":74,"column":3}},"line":67},"6":{"name":"(anonymous_6)","decl":{"start":{"line":76,"column":2},"end":{"line":76,"column":3}},"loc":{"start":{"line":76,"column":24},"end":{"line":100,"column":3}},"line":76},"7":{"name":"(anonymous_7)","decl":{"start":{"line":102,"column":2},"end":{"line":102,"column":3}},"loc":{"start":{"line":102,"column":26},"end":{"line":110,"column":3}},"line":102},"8":{"name":"(anonymous_8)","decl":{"start":{"line":112,"column":2},"end":{"line":112,"column":3}},"loc":{"start":{"line":112,"column":27},"end":{"line":119,"column":3}},"line":112},"9":{"name":"(anonymous_9)","decl":{"start":{"line":121,"column":2},"end":{"line":121,"column":3}},"loc":{"start":{"line":121,"column":28},"end":{"line":129,"column":3}},"line":121},"10":{"name":"(anonymous_10)","decl":{"start":{"line":131,"column":2},"end":{"line":131,"column":3}},"loc":{"start":{"line":131,"column":31},"end":{"line":138,"column":3}},"line":131},"11":{"name":"(anonymous_11)","decl":{"start":{"line":140,"column":2},"end":{"line":140,"column":3}},"loc":{"start":{"line":140,"column":31},"end":{"line":147,"column":3}},"line":140}},"branchMap":{"0":{"loc":{"start":{"line":18,"column":6},"end":{"line":33,"column":7}},"type":"if","locations":[{"start":{"line":18,"column":6},"end":{"line":33,"column":7}},{"start":{"line":26,"column":13},"end":{"line":33,"column":7}}],"line":18},"1":{"loc":{"start":{"line":41,"column":58},"end":{"line":41,"column":86}},"type":"binary-expr","locations":[{"start":{"line":41,"column":58},"end":{"line":41,"column":71}},{"start":{"line":41,"column":75},"end":{"line":41,"column":86}}],"line":41},"2":{"loc":{"start":{"line":50,"column":59},"end":{"line":50,"column":87}},"type":"binary-expr","locations":[{"start":{"line":50,"column":59},"end":{"line":50,"column":72}},{"start":{"line":50,"column":76},"end":{"line":50,"column":87}}],"line":50},"3":{"loc":{"start":{"line":69,"column":61},"end":{"line":69,"column":89}},"type":"binary-expr","locations":[{"start":{"line":69,"column":61},"end":{"line":69,"column":74}},{"start":{"line":69,"column":78},"end":{"line":69,"column":89}}],"line":69},"4":{"loc":{"start":{"line":81,"column":6},"end":{"line":96,"column":7}},"type":"if","locations":[{"start":{"line":81,"column":6},"end":{"line":96,"column":7}},{"start":{"line":89,"column":13},"end":{"line":96,"column":7}}],"line":81},"5":{"loc":{"start":{"line":114,"column":58},"end":{"line":114,"column":86}},"type":"binary-expr","locations":[{"start":{"line":114,"column":58},"end":{"line":114,"column":71}},{"start":{"line":114,"column":75},"end":{"line":114,"column":86}}],"line":114}},"s":{"0":2,"1":2,"2":3,"3":3,"4":2,"5":1,"6":5,"7":5,"8":5,"9":4,"10":2,"11":2,"12":1,"13":2,"14":2,"15":1,"16":1,"17":2,"18":2,"19":1,"20":1,"21":4,"22":4,"23":4,"24":2,"25":2,"26":2,"27":2,"28":1,"29":1,"30":3,"31":3,"32":3,"33":2,"34":1,"35":1,"36":1,"37":2,"38":2,"39":2,"40":1,"41":1,"42":2,"43":2,"44":1,"45":1,"46":2,"47":2,"48":2,"49":1,"50":1,"51":2,"52":2,"53":1,"54":1,"55":2,"56":2,"57":1,"58":1,"59":2},"f":{"0":3,"1":5,"2":2,"3":2,"4":4,"5":2,"6":3,"7":2,"8":2,"9":2,"10":2,"11":2},"b":{"0":[2,2],"1":[2,0],"2":[2,0],"3":[2,0],"4":[1,1],"5":[2,0]},"_coverageSchema":"1a1c01bbd47fc00a2c39e90264f33305004495a9","hash":"5df91a79df222712143bfe7c94626401d8cf2076"}
,"/home/santoshkumar/trade-finance/api/src/db/index.js": {"path":"/home/santoshkumar/trade-finance/api/src/db/index.js","statementMap":{"0":{"start":{"line":1,"column":12},"end":{"line":1,"column":35}},"1":{"start":{"line":2,"column":15},"end":{"line":2,"column":35}},"2":{"start":{"line":5,"column":11},"end":{"line":5,"column":28}},"3":{"start":{"line":8,"column":2},"end":{"line":53,"column":3}},"4":{"start":{"line":9,"column":4},"end":{"line":16,"column":9}},"5":{"start":{"line":18,"column":4},"end":{"line":30,"column":9}},"6":{"start":{"line":32,"column":4},"end":{"line":39,"column":9}},"7":{"start":{"line":41,"column":4},"end":{"line":47,"column":9}},"8":{"start":{"line":49,"column":4},"end":{"line":49,"column":60}},"9":{"start":{"line":51,"column":4},"end":{"line":51,"column":62}},"10":{"start":{"line":52,"column":4},"end":{"line":52,"column":14}},"11":{"start":{"line":56,"column":0},"end":{"line":59,"column":2}}},"fnMap":{"0":{"name":"initDb","decl":{"start":{"line":7,"column":15},"end":{"line":7,"column":21}},"loc":{"start":{"line":7,"column":24},"end":{"line":54,"column":1}},"line":7}},"branchMap":{},"s":{"0":4,"1":4,"2":4,"3":2,"4":2,"5":1,"6":1,"7":1,"8":1,"9":1,"10":1,"11":4},"f":{"0":2},"b":{},"_coverageSchema":"1a1c01bbd47fc00a2c39e90264f33305004495a9","hash":"18f18f468a63d5b4388b954fc2f556fbb692f127"}
,"/home/santoshkumar/trade-finance/api/src/repositories/fabricRepository.js": {"path":"/home/santoshkumar/trade-finance/api/src/repositories/fabricRepository.js","statementMap":{"0":{"start":{"line":1,"column":11},"end":{"line":1,"column":24}},"1":{"start":{"line":2,"column":13},"end":{"line":2,"column":28}},"2":{"start":{"line":3,"column":13},"end":{"line":3,"column":37}},"3":{"start":{"line":4,"column":29},"end":{"line":4,"column":67}},"4":{"start":{"line":5,"column":15},"end":{"line":5,"column":32}},"5":{"start":{"line":6,"column":15},"end":{"line":6,"column":35}},"6":{"start":{"line":7,"column":27},"end":{"line":7,"column":58}},"7":{"start":{"line":8,"column":20},"end":{"line":8,"column":45}},"8":{"start":{"line":10,"column":20},"end":{"line":10,"column":56}},"9":{"start":{"line":13,"column":19},"end":{"line":13,"column":75}},"10":{"start":{"line":14,"column":4},"end":{"line":14,"column":30}},"11":{"start":{"line":18,"column":4},"end":{"line":20,"column":5}},"12":{"start":{"line":19,"column":8},"end":{"line":19,"column":44}},"13":{"start":{"line":21,"column":4},"end":{"line":21,"column":13}},"14":{"start":{"line":25,"column":21},"end":{"line":25,"column":65}},"15":{"start":{"line":26,"column":4},"end":{"line":28,"column":5}},"16":{"start":{"line":27,"column":6},"end":{"line":27,"column":66}},"17":{"start":{"line":30,"column":4},"end":{"line":34,"column":6}},"18":{"start":{"line":38,"column":17},"end":{"line":38,"column":36}},"19":{"start":{"line":39,"column":28},"end":{"line":39,"column":61}},"20":{"start":{"line":40,"column":24},"end":{"line":40,"column":56}},"21":{"start":{"line":41,"column":27},"end":{"line":41,"column":66}},"22":{"start":{"line":43,"column":20},"end":{"line":43,"column":56}},"23":{"start":{"line":45,"column":4},"end":{"line":48,"column":7}},"24":{"start":{"line":52,"column":16},"end":{"line":52,"column":24}},"25":{"start":{"line":53,"column":21},"end":{"line":53,"column":46}},"26":{"start":{"line":54,"column":16},"end":{"line":54,"column":49}},"27":{"start":{"line":55,"column":4},"end":{"line":57,"column":5}},"28":{"start":{"line":56,"column":6},"end":{"line":56,"column":88}},"29":{"start":{"line":58,"column":21},"end":{"line":58,"column":33}},"30":{"start":{"line":59,"column":19},"end":{"line":59,"column":51}},"31":{"start":{"line":61,"column":20},"end":{"line":68,"column":6}},"32":{"start":{"line":70,"column":4},"end":{"line":77,"column":5}},"33":{"start":{"line":71,"column":24},"end":{"line":71,"column":69}},"34":{"start":{"line":72,"column":25},"end":{"line":72,"column":73}},"35":{"start":{"line":73,"column":8},"end":{"line":73,"column":41}},"36":{"start":{"line":75,"column":8},"end":{"line":75,"column":24}},"37":{"start":{"line":76,"column":8},"end":{"line":76,"column":23}},"38":{"start":{"line":80,"column":25},"end":{"line":142,"column":1}},"39":{"start":{"line":82,"column":4},"end":{"line":85,"column":7}},"40":{"start":{"line":83,"column":21},"end":{"line":83,"column":79}},"41":{"start":{"line":84,"column":6},"end":{"line":84,"column":44}},"42":{"start":{"line":89,"column":4},"end":{"line":92,"column":7}},"43":{"start":{"line":90,"column":21},"end":{"line":90,"column":81}},"44":{"start":{"line":91,"column":6},"end":{"line":91,"column":44}},"45":{"start":{"line":98,"column":4},"end":{"line":98,"column":129}},"46":{"start":{"line":102,"column":4},"end":{"line":102,"column":61}},"47":{"start":{"line":106,"column":4},"end":{"line":106,"column":49}},"48":{"start":{"line":110,"column":4},"end":{"line":110,"column":50}},"49":{"start":{"line":114,"column":4},"end":{"line":114,"column":71}},"50":{"start":{"line":118,"column":4},"end":{"line":118,"column":56}},"51":{"start":{"line":122,"column":4},"end":{"line":122,"column":71}},"52":{"start":{"line":126,"column":4},"end":{"line":126,"column":63}},"53":{"start":{"line":130,"column":4},"end":{"line":130,"column":49}},"54":{"start":{"line":134,"column":19},"end":{"line":134,"column":63}},"55":{"start":{"line":135,"column":4},"end":{"line":135,"column":30}},"56":{"start":{"line":139,"column":19},"end":{"line":139,"column":74}},"57":{"start":{"line":140,"column":4},"end":{"line":140,"column":30}},"58":{"start":{"line":144,"column":0},"end":{"line":144,"column":34}}},"fnMap":{"0":{"name":"getCCP","decl":{"start":{"line":12,"column":9},"end":{"line":12,"column":15}},"loc":{"start":{"line":12,"column":18},"end":{"line":15,"column":1}},"line":12},"1":{"name":"resolvePath","decl":{"start":{"line":17,"column":9},"end":{"line":17,"column":20}},"loc":{"start":{"line":17,"column":24},"end":{"line":22,"column":1}},"line":17},"2":{"name":"getIdentity","decl":{"start":{"line":24,"column":15},"end":{"line":24,"column":26}},"loc":{"start":{"line":24,"column":35},"end":{"line":35,"column":1}},"line":24},"3":{"name":"newGrpcConnection","decl":{"start":{"line":37,"column":9},"end":{"line":37,"column":26}},"loc":{"start":{"line":37,"column":42},"end":{"line":49,"column":1}},"line":37},"4":{"name":"executeWithGateway","decl":{"start":{"line":51,"column":15},"end":{"line":51,"column":33}},"loc":{"start":{"line":51,"column":53},"end":{"line":78,"column":1}},"line":51},"5":{"name":"(anonymous_5)","decl":{"start":{"line":81,"column":2},"end":{"line":81,"column":3}},"loc":{"start":{"line":81,"column":46},"end":{"line":86,"column":3}},"line":81},"6":{"name":"(anonymous_6)","decl":{"start":{"line":82,"column":38},"end":{"line":82,"column":39}},"loc":{"start":{"line":82,"column":58},"end":{"line":85,"column":5}},"line":82},"7":{"name":"(anonymous_7)","decl":{"start":{"line":88,"column":2},"end":{"line":88,"column":3}},"loc":{"start":{"line":88,"column":48},"end":{"line":93,"column":3}},"line":88},"8":{"name":"(anonymous_8)","decl":{"start":{"line":89,"column":38},"end":{"line":89,"column":39}},"loc":{"start":{"line":89,"column":58},"end":{"line":92,"column":5}},"line":89},"9":{"name":"(anonymous_9)","decl":{"start":{"line":97,"column":2},"end":{"line":97,"column":3}},"loc":{"start":{"line":97,"column":109},"end":{"line":99,"column":3}},"line":97},"10":{"name":"(anonymous_10)","decl":{"start":{"line":101,"column":2},"end":{"line":101,"column":3}},"loc":{"start":{"line":101,"column":41},"end":{"line":103,"column":3}},"line":101},"11":{"name":"(anonymous_11)","decl":{"start":{"line":105,"column":2},"end":{"line":105,"column":3}},"loc":{"start":{"line":105,"column":29},"end":{"line":107,"column":3}},"line":105},"12":{"name":"(anonymous_12)","decl":{"start":{"line":109,"column":2},"end":{"line":109,"column":3}},"loc":{"start":{"line":109,"column":30},"end":{"line":111,"column":3}},"line":109},"13":{"name":"(anonymous_13)","decl":{"start":{"line":113,"column":2},"end":{"line":113,"column":3}},"loc":{"start":{"line":113,"column":51},"end":{"line":115,"column":3}},"line":113},"14":{"name":"(anonymous_14)","decl":{"start":{"line":117,"column":2},"end":{"line":117,"column":3}},"loc":{"start":{"line":117,"column":36},"end":{"line":119,"column":3}},"line":117},"15":{"name":"(anonymous_15)","decl":{"start":{"line":121,"column":2},"end":{"line":121,"column":3}},"loc":{"start":{"line":121,"column":51},"end":{"line":123,"column":3}},"line":121},"16":{"name":"(anonymous_16)","decl":{"start":{"line":125,"column":2},"end":{"line":125,"column":3}},"loc":{"start":{"line":125,"column":43},"end":{"line":127,"column":3}},"line":125},"17":{"name":"(anonymous_17)","decl":{"start":{"line":129,"column":2},"end":{"line":129,"column":3}},"loc":{"start":{"line":129,"column":29},"end":{"line":131,"column":3}},"line":129},"18":{"name":"(anonymous_18)","decl":{"start":{"line":133,"column":2},"end":{"line":133,"column":3}},"loc":{"start":{"line":133,"column":28},"end":{"line":136,"column":3}},"line":133},"19":{"name":"(anonymous_19)","decl":{"start":{"line":138,"column":2},"end":{"line":138,"column":3}},"loc":{"start":{"line":138,"column":39},"end":{"line":141,"column":3}},"line":138}},"branchMap":{"0":{"loc":{"start":{"line":18,"column":4},"end":{"line":20,"column":5}},"type":"if","locations":[{"start":{"line":18,"column":4},"end":{"line":20,"column":5}},{"start":{},"end":{}}],"line":18},"1":{"loc":{"start":{"line":26,"column":4},"end":{"line":28,"column":5}},"type":"if","locations":[{"start":{"line":26,"column":4},"end":{"line":28,"column":5}},{"start":{},"end":{}}],"line":26},"2":{"loc":{"start":{"line":55,"column":4},"end":{"line":57,"column":5}},"type":"if","locations":[{"start":{"line":55,"column":4},"end":{"line":57,"column":5}},{"start":{},"end":{}}],"line":55}},"s":{"0":4,"1":4,"2":4,"3":4,"4":4,"5":4,"6":4,"7":4,"8":4,"9":15,"10":15,"11":13,"12":0,"13":13,"14":15,"15":15,"16":1,"17":14,"18":13,"19":13,"20":13,"21":13,"22":13,"23":13,"24":15,"25":15,"26":14,"27":14,"28":1,"29":13,"30":13,"31":13,"32":13,"33":13,"34":13,"35":13,"36":13,"37":13,"38":4,"39":12,"40":10,"41":10,"42":3,"43":3,"44":3,"45":1,"46":1,"47":1,"48":1,"49":1,"50":1,"51":1,"52":1,"53":1,"54":1,"55":1,"56":1,"57":1,"58":4},"f":{"0":15,"1":13,"2":15,"3":13,"4":15,"5":12,"6":10,"7":3,"8":3,"9":1,"10":1,"11":1,"12":1,"13":1,"14":1,"15":1,"16":1,"17":1,"18":1,"19":1},"b":{"0":[0,13],"1":[1,14],"2":[1,13]},"_coverageSchema":"1a1c01bbd47fc00a2c39e90264f33305004495a9","hash":"257832af5efa6d53e14a46e7ed50dc53015597f7"}
,"/home/santoshkumar/trade-finance/api/src/repositories/postgresRepository.js": {"path":"/home/santoshkumar/trade-finance/api/src/repositories/postgresRepository.js","statementMap":{"0":{"start":{"line":1,"column":15},"end":{"line":1,"column":31}},"1":{"start":{"line":3,"column":27},"end":{"line":89,"column":1}},"2":{"start":{"line":6,"column":4},"end":{"line":6,"column":114}},"3":{"start":{"line":10,"column":4},"end":{"line":18,"column":6}},"4":{"start":{"line":22,"column":4},"end":{"line":22,"column":130}},"5":{"start":{"line":26,"column":4},"end":{"line":29,"column":6}},"6":{"start":{"line":34,"column":16},"end":{"line":34,"column":43}},"7":{"start":{"line":35,"column":19},"end":{"line":35,"column":21}},"8":{"start":{"line":37,"column":4},"end":{"line":40,"column":5}},"9":{"start":{"line":38,"column":6},"end":{"line":38,"column":36}},"10":{"start":{"line":39,"column":6},"end":{"line":39,"column":34}},"11":{"start":{"line":42,"column":4},"end":{"line":42,"column":41}},"12":{"start":{"line":43,"column":4},"end":{"line":43,"column":33}},"13":{"start":{"line":48,"column":19},"end":{"line":48,"column":36}},"14":{"start":{"line":49,"column":19},"end":{"line":49,"column":38}},"15":{"start":{"line":50,"column":22},"end":{"line":50,"column":89}},"16":{"start":{"line":50,"column":51},"end":{"line":50,"column":77}},"17":{"start":{"line":52,"column":4},"end":{"line":55,"column":6}},"18":{"start":{"line":60,"column":4},"end":{"line":80,"column":6}},"19":{"start":{"line":84,"column":4},"end":{"line":87,"column":6}},"20":{"start":{"line":91,"column":0},"end":{"line":91,"column":36}}},"fnMap":{"0":{"name":"(anonymous_0)","decl":{"start":{"line":5,"column":2},"end":{"line":5,"column":3}},"loc":{"start":{"line":5,"column":37},"end":{"line":7,"column":3}},"line":5},"1":{"name":"(anonymous_1)","decl":{"start":{"line":9,"column":2},"end":{"line":9,"column":3}},"loc":{"start":{"line":9,"column":72},"end":{"line":19,"column":3}},"line":9},"2":{"name":"(anonymous_2)","decl":{"start":{"line":21,"column":2},"end":{"line":21,"column":3}},"loc":{"start":{"line":21,"column":30},"end":{"line":23,"column":3}},"line":21},"3":{"name":"(anonymous_3)","decl":{"start":{"line":25,"column":2},"end":{"line":25,"column":3}},"loc":{"start":{"line":25,"column":25},"end":{"line":30,"column":3}},"line":25},"4":{"name":"(anonymous_4)","decl":{"start":{"line":33,"column":2},"end":{"line":33,"column":3}},"loc":{"start":{"line":33,"column":30},"end":{"line":44,"column":3}},"line":33},"5":{"name":"(anonymous_5)","decl":{"start":{"line":46,"column":2},"end":{"line":46,"column":3}},"loc":{"start":{"line":46,"column":35},"end":{"line":56,"column":3}},"line":46},"6":{"name":"(anonymous_6)","decl":{"start":{"line":50,"column":33},"end":{"line":50,"column":34}},"loc":{"start":{"line":50,"column":51},"end":{"line":50,"column":77}},"line":50},"7":{"name":"(anonymous_7)","decl":{"start":{"line":58,"column":2},"end":{"line":58,"column":3}},"loc":{"start":{"line":58,"column":29},"end":{"line":81,"column":3}},"line":58},"8":{"name":"(anonymous_8)","decl":{"start":{"line":83,"column":2},"end":{"line":83,"column":3}},"loc":{"start":{"line":83,"column":28},"end":{"line":88,"column":3}},"line":83}},"branchMap":{"0":{"loc":{"start":{"line":33,"column":16},"end":{"line":33,"column":28}},"type":"default-arg","locations":[{"start":{"line":33,"column":26},"end":{"line":33,"column":28}}],"line":33},"1":{"loc":{"start":{"line":37,"column":4},"end":{"line":40,"column":5}},"type":"if","locations":[{"start":{"line":37,"column":4},"end":{"line":40,"column":5}},{"start":{},"end":{}}],"line":37}},"s":{"0":6,"1":6,"2":1,"3":1,"4":1,"5":1,"6":2,"7":2,"8":2,"9":1,"10":1,"11":2,"12":2,"13":4,"14":4,"15":4,"16":8,"17":4,"18":2,"19":5,"20":6},"f":{"0":1,"1":1,"2":1,"3":1,"4":2,"5":4,"6":8,"7":2,"8":5},"b":{"0":[1],"1":[1,1]},"_coverageSchema":"1a1c01bbd47fc00a2c39e90264f33305004495a9","hash":"e1e0babe86fc48c7552cfeae9022650656b9fd6c"}
,"/home/santoshkumar/trade-finance/api/src/routes/lc.js": {"path":"/home/santoshkumar/trade-finance/api/src/routes/lc.js","statementMap":{"0":{"start":{"line":1,"column":16},"end":{"line":1,"column":34}},"1":{"start":{"line":2,"column":15},"end":{"line":2,"column":31}},"2":{"start":{"line":3,"column":19},"end":{"line":3,"column":37}},"3":{"start":{"line":4,"column":21},"end":{"line":4,"column":59}},"4":{"start":{"line":13,"column":0},"end":{"line":13,"column":75}},"5":{"start":{"line":14,"column":0},"end":{"line":14,"column":81}},"6":{"start":{"line":15,"column":0},"end":{"line":15,"column":71}},"7":{"start":{"line":16,"column":0},"end":{"line":16,"column":73}},"8":{"start":{"line":17,"column":0},"end":{"line":17,"column":71}},"9":{"start":{"line":18,"column":0},"end":{"line":18,"column":71}},"10":{"start":{"line":19,"column":0},"end":{"line":19,"column":77}},"11":{"start":{"line":20,"column":0},"end":{"line":20,"column":81}},"12":{"start":{"line":21,"column":0},"end":{"line":21,"column":83}},"13":{"start":{"line":23,"column":0},"end":{"line":23,"column":89}},"14":{"start":{"line":24,"column":0},"end":{"line":24,"column":95}},"15":{"start":{"line":25,"column":0},"end":{"line":25,"column":103}},"16":{"start":{"line":27,"column":0},"end":{"line":27,"column":24}}},"fnMap":{},"branchMap":{},"s":{"0":1,"1":1,"2":1,"3":1,"4":1,"5":1,"6":1,"7":1,"8":1,"9":1,"10":1,"11":1,"12":1,"13":1,"14":1,"15":1,"16":1},"f":{},"b":{},"_coverageSchema":"1a1c01bbd47fc00a2c39e90264f33305004495a9","hash":"5f6a030af0529834873142d2e01d14cc91e4c7c4"}
,"/home/santoshkumar/trade-finance/api/src/services/authService.js": {"path":"/home/santoshkumar/trade-finance/api/src/services/authService.js","statementMap":{"0":{"start":{"line":1,"column":17},"end":{"line":1,"column":39}},"1":{"start":{"line":2,"column":27},"end":{"line":2,"column":72}},"2":{"start":{"line":4,"column":20},"end":{"line":26,"column":1}},"3":{"start":{"line":6,"column":47},"end":{"line":6,"column":51}},"4":{"start":{"line":8,"column":4},"end":{"line":10,"column":5}},"5":{"start":{"line":9,"column":6},"end":{"line":9,"column":98}},"6":{"start":{"line":13,"column":17},"end":{"line":13,"column":59}},"7":{"start":{"line":14,"column":4},"end":{"line":16,"column":5}},"8":{"start":{"line":15,"column":6},"end":{"line":15,"column":102}},"9":{"start":{"line":18,"column":4},"end":{"line":20,"column":5}},"10":{"start":{"line":19,"column":6},"end":{"line":19,"column":84}},"11":{"start":{"line":24,"column":4},"end":{"line":24,"column":80}},"12":{"start":{"line":28,"column":0},"end":{"line":28,"column":29}}},"fnMap":{"0":{"name":"(anonymous_0)","decl":{"start":{"line":5,"column":2},"end":{"line":5,"column":3}},"loc":{"start":{"line":5,"column":25},"end":{"line":25,"column":3}},"line":5}},"branchMap":{"0":{"loc":{"start":{"line":8,"column":4},"end":{"line":10,"column":5}},"type":"if","locations":[{"start":{"line":8,"column":4},"end":{"line":10,"column":5}},{"start":{},"end":{}}],"line":8},"1":{"loc":{"start":{"line":8,"column":8},"end":{"line":8,"column":48}},"type":"binary-expr","locations":[{"start":{"line":8,"column":8},"end":{"line":8,"column":17}},{"start":{"line":8,"column":21},"end":{"line":8,"column":26}},{"start":{"line":8,"column":30},"end":{"line":8,"column":37}},{"start":{"line":8,"column":41},"end":{"line":8,"column":48}}],"line":8},"2":{"loc":{"start":{"line":14,"column":4},"end":{"line":16,"column":5}},"type":"if","locations":[{"start":{"line":14,"column":4},"end":{"line":16,"column":5}},{"start":{},"end":{}}],"line":14},"3":{"loc":{"start":{"line":18,"column":4},"end":{"line":20,"column":5}},"type":"if","locations":[{"start":{"line":18,"column":4},"end":{"line":20,"column":5}},{"start":{},"end":{}}],"line":18}},"s":{"0":1,"1":1,"2":1,"3":0,"4":0,"5":0,"6":0,"7":0,"8":0,"9":0,"10":0,"11":0,"12":1},"f":{"0":0},"b":{"0":[0,0],"1":[0,0,0,0],"2":[0,0],"3":[0,0]},"_coverageSchema":"1a1c01bbd47fc00a2c39e90264f33305004495a9","hash":"5407aa3bb464d3793278926d9962f9f715f04ca8"}
,"/home/santoshkumar/trade-finance/api/src/services/lcService.js": {"path":"/home/santoshkumar/trade-finance/api/src/services/lcService.js","statementMap":{"0":{"start":{"line":1,"column":25},"end":{"line":1,"column":68}},"1":{"start":{"line":2,"column":27},"end":{"line":2,"column":72}},"2":{"start":{"line":3,"column":54},"end":{"line":3,"column":84}},"3":{"start":{"line":4,"column":52},"end":{"line":4,"column":73}},"4":{"start":{"line":10,"column":2},"end":{"line":27,"column":3}},"5":{"start":{"line":11,"column":4},"end":{"line":22,"column":7}},"6":{"start":{"line":24,"column":4},"end":{"line":24,"column":71}},"7":{"start":{"line":30,"column":18},"end":{"line":196,"column":1}},"8":{"start":{"line":33,"column":4},"end":{"line":33,"column":29}},"9":{"start":{"line":35,"column":16},"end":{"line":35,"column":75}},"10":{"start":{"line":38,"column":4},"end":{"line":78,"column":5}},"11":{"start":{"line":39,"column":21},"end":{"line":50,"column":7}},"12":{"start":{"line":53,"column":6},"end":{"line":65,"column":9}},"13":{"start":{"line":68,"column":6},"end":{"line":68,"column":100}},"14":{"start":{"line":71,"column":6},"end":{"line":71,"column":71}},"15":{"start":{"line":72,"column":6},"end":{"line":72,"column":33}},"16":{"start":{"line":74,"column":6},"end":{"line":74,"column":20}},"17":{"start":{"line":76,"column":6},"end":{"line":76,"column":31}},"18":{"start":{"line":77,"column":6},"end":{"line":77,"column":16}},"19":{"start":{"line":82,"column":16},"end":{"line":82,"column":74}},"20":{"start":{"line":83,"column":4},"end":{"line":110,"column":5}},"21":{"start":{"line":84,"column":21},"end":{"line":84,"column":83}},"22":{"start":{"line":85,"column":22},"end":{"line":85,"column":66}},"23":{"start":{"line":87,"column":19},"end":{"line":87,"column":34}},"24":{"start":{"line":88,"column":22},"end":{"line":88,"column":41}},"25":{"start":{"line":89,"column":6},"end":{"line":92,"column":7}},"26":{"start":{"line":90,"column":8},"end":{"line":90,"column":26}},"27":{"start":{"line":91,"column":8},"end":{"line":91,"column":32}},"28":{"start":{"line":94,"column":6},"end":{"line":97,"column":9}},"29":{"start":{"line":99,"column":6},"end":{"line":99,"column":55}},"30":{"start":{"line":101,"column":6},"end":{"line":101,"column":33}},"31":{"start":{"line":102,"column":6},"end":{"line":106,"column":8}},"32":{"start":{"line":108,"column":6},"end":{"line":108,"column":31}},"33":{"start":{"line":109,"column":6},"end":{"line":109,"column":16}},"34":{"start":{"line":114,"column":19},"end":{"line":114,"column":69}},"35":{"start":{"line":115,"column":4},"end":{"line":115,"column":97}},"36":{"start":{"line":116,"column":4},"end":{"line":116,"column":43}},"37":{"start":{"line":117,"column":4},"end":{"line":117,"column":18}},"38":{"start":{"line":121,"column":19},"end":{"line":121,"column":70}},"39":{"start":{"line":122,"column":4},"end":{"line":122,"column":100}},"40":{"start":{"line":123,"column":4},"end":{"line":123,"column":45}},"41":{"start":{"line":124,"column":4},"end":{"line":124,"column":18}},"42":{"start":{"line":129,"column":4},"end":{"line":129,"column":41}},"43":{"start":{"line":130,"column":15},"end":{"line":130,"column":64}},"44":{"start":{"line":131,"column":4},"end":{"line":133,"column":5}},"45":{"start":{"line":132,"column":6},"end":{"line":132,"column":76}},"46":{"start":{"line":135,"column":19},"end":{"line":135,"column":91}},"47":{"start":{"line":136,"column":4},"end":{"line":136,"column":116}},"48":{"start":{"line":137,"column":4},"end":{"line":137,"column":77}},"49":{"start":{"line":138,"column":4},"end":{"line":138,"column":18}},"50":{"start":{"line":142,"column":19},"end":{"line":142,"column":76}},"51":{"start":{"line":143,"column":4},"end":{"line":143,"column":105}},"52":{"start":{"line":144,"column":4},"end":{"line":144,"column":51}},"53":{"start":{"line":145,"column":4},"end":{"line":145,"column":18}},"54":{"start":{"line":149,"column":19},"end":{"line":149,"column":91}},"55":{"start":{"line":150,"column":20},"end":{"line":150,"column":64}},"56":{"start":{"line":152,"column":17},"end":{"line":152,"column":34}},"57":{"start":{"line":153,"column":20},"end":{"line":153,"column":38}},"58":{"start":{"line":154,"column":4},"end":{"line":157,"column":5}},"59":{"start":{"line":155,"column":6},"end":{"line":155,"column":22}},"60":{"start":{"line":156,"column":6},"end":{"line":156,"column":37}},"61":{"start":{"line":159,"column":4},"end":{"line":159,"column":100}},"62":{"start":{"line":160,"column":4},"end":{"line":160,"column":53}},"63":{"start":{"line":162,"column":4},"end":{"line":166,"column":6}},"64":{"start":{"line":170,"column":19},"end":{"line":170,"column":83}},"65":{"start":{"line":171,"column":4},"end":{"line":171,"column":96}},"66":{"start":{"line":172,"column":4},"end":{"line":172,"column":68}},"67":{"start":{"line":173,"column":4},"end":{"line":173,"column":18}},"68":{"start":{"line":177,"column":19},"end":{"line":177,"column":69}},"69":{"start":{"line":178,"column":4},"end":{"line":178,"column":99}},"70":{"start":{"line":179,"column":4},"end":{"line":179,"column":45}},"71":{"start":{"line":180,"column":4},"end":{"line":180,"column":18}},"72":{"start":{"line":185,"column":4},"end":{"line":185,"column":55}},"73":{"start":{"line":190,"column":4},"end":{"line":190,"column":47}},"74":{"start":{"line":194,"column":4},"end":{"line":194,"column":66}},"75":{"start":{"line":198,"column":0},"end":{"line":198,"column":27}}},"fnMap":{"0":{"name":"logEvent","decl":{"start":{"line":9,"column":15},"end":{"line":9,"column":23}},"loc":{"start":{"line":9,"column":61},"end":{"line":28,"column":1}},"line":9},"1":{"name":"(anonymous_1)","decl":{"start":{"line":31,"column":2},"end":{"line":31,"column":3}},"loc":{"start":{"line":31,"column":41},"end":{"line":79,"column":3}},"line":31},"2":{"name":"(anonymous_2)","decl":{"start":{"line":81,"column":2},"end":{"line":81,"column":3}},"loc":{"start":{"line":81,"column":51},"end":{"line":111,"column":3}},"line":81},"3":{"name":"(anonymous_3)","decl":{"start":{"line":113,"column":2},"end":{"line":113,"column":3}},"loc":{"start":{"line":113,"column":39},"end":{"line":118,"column":3}},"line":113},"4":{"name":"(anonymous_4)","decl":{"start":{"line":120,"column":2},"end":{"line":120,"column":3}},"loc":{"start":{"line":120,"column":40},"end":{"line":125,"column":3}},"line":120},"5":{"name":"(anonymous_5)","decl":{"start":{"line":127,"column":2},"end":{"line":127,"column":3}},"loc":{"start":{"line":127,"column":57},"end":{"line":139,"column":3}},"line":127},"6":{"name":"(anonymous_6)","decl":{"start":{"line":141,"column":2},"end":{"line":141,"column":3}},"loc":{"start":{"line":141,"column":42},"end":{"line":146,"column":3}},"line":141},"7":{"name":"(anonymous_7)","decl":{"start":{"line":148,"column":2},"end":{"line":148,"column":3}},"loc":{"start":{"line":148,"column":49},"end":{"line":167,"column":3}},"line":148},"8":{"name":"(anonymous_8)","decl":{"start":{"line":169,"column":2},"end":{"line":169,"column":3}},"loc":{"start":{"line":169,"column":53},"end":{"line":174,"column":3}},"line":169},"9":{"name":"(anonymous_9)","decl":{"start":{"line":176,"column":2},"end":{"line":176,"column":3}},"loc":{"start":{"line":176,"column":39},"end":{"line":181,"column":3}},"line":176},"10":{"name":"(anonymous_10)","decl":{"start":{"line":183,"column":2},"end":{"line":183,"column":3}},"loc":{"start":{"line":183,"column":31},"end":{"line":186,"column":3}},"line":183},"11":{"name":"(anonymous_11)","decl":{"start":{"line":188,"column":2},"end":{"line":188,"column":3}},"loc":{"start":{"line":188,"column":27},"end":{"line":191,"column":3}},"line":188},"12":{"name":"(anonymous_12)","decl":{"start":{"line":193,"column":2},"end":{"line":193,"column":3}},"loc":{"start":{"line":193,"column":37},"end":{"line":195,"column":3}},"line":193}},"branchMap":{"0":{"loc":{"start":{"line":9,"column":47},"end":{"line":9,"column":59}},"type":"default-arg","locations":[{"start":{"line":9,"column":57},"end":{"line":9,"column":59}}],"line":9},"1":{"loc":{"start":{"line":85,"column":22},"end":{"line":85,"column":66}},"type":"cond-expr","locations":[{"start":{"line":85,"column":40},"end":{"line":85,"column":57}},{"start":{"line":85,"column":60},"end":{"line":85,"column":66}}],"line":85},"2":{"loc":{"start":{"line":89,"column":6},"end":{"line":92,"column":7}},"type":"if","locations":[{"start":{"line":89,"column":6},"end":{"line":92,"column":7}},{"start":{},"end":{}}],"line":89},"3":{"loc":{"start":{"line":131,"column":4},"end":{"line":133,"column":5}},"type":"if","locations":[{"start":{"line":131,"column":4},"end":{"line":133,"column":5}},{"start":{},"end":{}}],"line":131},"4":{"loc":{"start":{"line":150,"column":20},"end":{"line":150,"column":64}},"type":"cond-expr","locations":[{"start":{"line":150,"column":38},"end":{"line":150,"column":55}},{"start":{"line":150,"column":58},"end":{"line":150,"column":64}}],"line":150},"5":{"loc":{"start":{"line":154,"column":4},"end":{"line":157,"column":5}},"type":"if","locations":[{"start":{"line":154,"column":4},"end":{"line":157,"column":5}},{"start":{},"end":{}}],"line":154}},"s":{"0":3,"1":3,"2":3,"3":3,"4":15,"5":15,"6":0,"7":3,"8":3,"9":2,"10":2,"11":2,"12":2,"13":2,"14":2,"15":2,"16":2,"17":0,"18":0,"19":4,"20":4,"21":4,"22":4,"23":4,"24":4,"25":4,"26":2,"27":2,"28":4,"29":4,"30":4,"31":4,"32":0,"33":0,"34":1,"35":1,"36":1,"37":1,"38":1,"39":1,"40":1,"41":1,"42":4,"43":4,"44":4,"45":2,"46":2,"47":2,"48":2,"49":2,"50":1,"51":1,"52":1,"53":1,"54":2,"55":2,"56":2,"57":2,"58":2,"59":1,"60":1,"61":2,"62":2,"63":2,"64":1,"65":1,"66":1,"67":1,"68":1,"69":1,"70":1,"71":1,"72":1,"73":1,"74":1,"75":3},"f":{"0":15,"1":3,"2":4,"3":1,"4":1,"5":4,"6":1,"7":2,"8":1,"9":1,"10":1,"11":1,"12":1},"b":{"0":[4],"1":[4,0],"2":[2,2],"3":[2,2],"4":[2,0],"5":[1,1]},"_coverageSchema":"1a1c01bbd47fc00a2c39e90264f33305004495a9","hash":"bbc3a5aec6b81cc4f22d89834196c92b1d5e10a3"}
,"/home/santoshkumar/trade-finance/api/src/utils/validation.js": {"path":"/home/santoshkumar/trade-finance/api/src/utils/validation.js","statementMap":{"0":{"start":{"line":1,"column":12},"end":{"line":1,"column":26}},"1":{"start":{"line":3,"column":27},"end":{"line":23,"column":1}},"2":{"start":{"line":4,"column":17},"end":{"line":17,"column":18}},"3":{"start":{"line":19,"column":20},"end":{"line":19,"column":41}},"4":{"start":{"line":20,"column":2},"end":{"line":22,"column":3}},"5":{"start":{"line":21,"column":4},"end":{"line":21,"column":46}},"6":{"start":{"line":25,"column":30},"end":{"line":36,"column":1}},"7":{"start":{"line":26,"column":17},"end":{"line":30,"column":6}},"8":{"start":{"line":32,"column":20},"end":{"line":32,"column":41}},"9":{"start":{"line":33,"column":2},"end":{"line":35,"column":3}},"10":{"start":{"line":34,"column":4},"end":{"line":34,"column":46}},"11":{"start":{"line":38,"column":0},"end":{"line":41,"column":2}}},"fnMap":{"0":{"name":"(anonymous_0)","decl":{"start":{"line":3,"column":27},"end":{"line":3,"column":28}},"loc":{"start":{"line":3,"column":37},"end":{"line":23,"column":1}},"line":3},"1":{"name":"(anonymous_1)","decl":{"start":{"line":25,"column":30},"end":{"line":25,"column":31}},"loc":{"start":{"line":25,"column":40},"end":{"line":36,"column":1}},"line":25}},"branchMap":{"0":{"loc":{"start":{"line":20,"column":2},"end":{"line":22,"column":3}},"type":"if","locations":[{"start":{"line":20,"column":2},"end":{"line":22,"column":3}},{"start":{},"end":{}}],"line":20},"1":{"loc":{"start":{"line":33,"column":2},"end":{"line":35,"column":3}},"type":"if","locations":[{"start":{"line":33,"column":2},"end":{"line":35,"column":3}},{"start":{},"end":{}}],"line":33}},"s":{"0":4,"1":4,"2":8,"3":8,"4":8,"5":5,"6":4,"7":7,"8":7,"9":7,"10":2,"11":4},"f":{"0":8,"1":7},"b":{"0":[5,3],"1":[2,5]},"_coverageSchema":"1a1c01bbd47fc00a2c39e90264f33305004495a9","hash":"c609909dc971aee39c313dd558ba31e93000c490"}
}
