TN:
SF:src/app.js
FN:48,(anonymous_0)
FN:78,(anonymous_1)
FN:78,(anonymous_2)
FN:89,(anonymous_3)
FN:124,(anonymous_4)
FN:147,(anonymous_5)
FN:152,(anonymous_6)
FN:158,(anonymous_7)
FNF:8
FNH:1
FNDA:0,(anonymous_0)
FNDA:2,(anonymous_1)
FNDA:0,(anonymous_2)
FNDA:0,(anonymous_3)
FNDA:0,(anonymous_4)
FNDA:0,(anonymous_5)
FNDA:0,(anonymous_6)
FNDA:0,(anonymous_7)
DA:1,1
DA:2,1
DA:3,1
DA:4,1
DA:5,1
DA:6,1
DA:7,1
DA:8,1
DA:9,1
DA:10,1
DA:11,1
DA:12,1
DA:13,1
DA:14,1
DA:15,1
DA:16,1
DA:17,1
DA:18,1
DA:20,1
DA:23,1
DA:24,1
DA:27,1
DA:30,1
DA:36,1
DA:42,1
DA:45,1
DA:48,1
DA:49,0
DA:51,0
DA:52,0
DA:54,0
DA:59,1
DA:78,2
DA:79,0
DA:80,0
DA:81,0
DA:83,0
DA:89,1
DA:90,0
DA:92,0
DA:93,0
DA:94,0
DA:96,0
DA:103,0
DA:104,0
DA:106,0
DA:107,0
DA:110,0
DA:116,0
DA:117,0
DA:119,0
DA:124,1
DA:125,0
DA:127,0
DA:128,0
DA:129,0
DA:130,0
DA:133,0
DA:134,0
DA:135,0
DA:138,0
DA:139,0
DA:141,0
DA:145,1
DA:147,1
DA:148,0
DA:149,0
DA:152,1
DA:153,0
DA:154,0
DA:155,0
DA:156,0
DA:157,0
DA:158,0
DA:159,0
DA:162,0
DA:163,0
DA:167,1
DA:168,0
DA:171,1
LF:80
LH:36
BRDA:80,0,0,0
BRDA:80,0,1,0
BRDA:116,1,0,0
BRDA:116,1,1,0
BRDA:129,2,0,0
BRDA:129,2,1,0
BRDA:134,3,0,0
BRDA:134,3,1,0
BRDA:167,4,0,0
BRDA:167,4,1,1
BRF:10
BRH:1
end_of_record
TN:
SF:src/auth.js
FN:4,signToken
FN:8,authorize
FN:24,permit
FN:25,(anonymous_3)
FNF:4
FNH:3
FNDA:0,signToken
FNDA:5,authorize
FNDA:13,permit
FNDA:5,(anonymous_3)
DA:1,1
DA:2,1
DA:5,0
DA:9,5
DA:10,5
DA:11,0
DA:14,5
DA:15,5
DA:16,5
DA:17,5
DA:18,5
DA:20,0
DA:25,13
DA:26,5
DA:27,0
DA:29,5
DA:33,1
LF:17
LH:13
BRDA:10,0,0,0
BRDA:10,0,1,5
BRDA:10,1,0,5
BRDA:10,1,1,5
BRDA:26,2,0,0
BRDA:26,2,1,5
BRDA:26,3,0,5
BRDA:26,3,1,5
BRF:8
BRH:6
end_of_record
TN:
SF:src/caClient.js
FN:9,getCaNameFromMsp
FN:19,getCAClient
FN:35,enrollAllAdmins
FN:104,enrollUser
FN:144,registerAndEnrollUser
FNF:5
FNH:0
FNDA:0,getCaNameFromMsp
FNDA:0,getCAClient
FNDA:0,enrollAllAdmins
FNDA:0,enrollUser
FNDA:0,registerAndEnrollUser
DA:1,1
DA:2,1
DA:3,1
DA:4,1
DA:5,1
DA:6,1
DA:7,1
DA:10,0
DA:16,0
DA:20,0
DA:21,0
DA:22,0
DA:23,0
DA:24,0
DA:26,0
DA:28,0
DA:29,0
DA:30,0
DA:32,0
DA:36,0
DA:37,0
DA:39,0
DA:40,0
DA:41,0
DA:42,0
DA:44,0
DA:45,0
DA:47,0
DA:48,0
DA:49,0
DA:59,0
DA:60,0
DA:66,0
DA:67,0
DA:69,0
DA:73,0
DA:74,0
DA:75,0
DA:76,0
DA:77,0
DA:78,0
DA:80,0
DA:81,0
DA:82,0
DA:84,0
DA:85,0
DA:86,0
DA:91,0
DA:92,0
DA:93,0
DA:99,0
DA:100,0
DA:105,0
DA:106,0
DA:107,0
DA:108,0
DA:109,0
DA:110,0
DA:111,0
DA:114,0
DA:119,0
DA:129,0
DA:130,0
DA:136,0
DA:137,0
DA:139,0
DA:140,0
DA:145,0
DA:146,0
DA:147,0
DA:148,0
DA:149,0
DA:152,0
DA:153,0
DA:154,0
DA:155,0
DA:158,0
DA:159,0
DA:160,0
DA:161,0
DA:162,0
DA:163,0
DA:164,0
DA:166,0
DA:167,0
DA:170,0
DA:171,0
DA:177,0
DA:179,0
DA:187,0
DA:188,0
DA:190,0
DA:191,0
DA:193,0
DA:195,0
DA:199,0
DA:201,0
DA:202,0
DA:203,0
DA:207,1
LF:100
LH:8
BRDA:16,0,0,0
BRDA:16,0,1,0
BRDA:19,1,0,0
BRDA:23,2,0,0
BRDA:23,2,1,0
BRDA:29,3,0,0
BRDA:29,3,1,0
BRDA:47,4,0,0
BRDA:47,4,1,0
BRDA:104,5,0,0
BRDA:109,6,0,0
BRDA:109,6,1,0
BRDA:144,7,0,0
BRDA:144,8,0,0
BRDA:147,9,0,0
BRDA:147,9,1,0
BRDA:154,10,0,0
BRDA:154,10,1,0
BRDA:162,11,0,0
BRDA:162,11,1,0
BRDA:177,12,0,0
BRDA:177,12,1,0
BRDA:187,13,0,0
BRDA:187,13,1,0
BRDA:190,14,0,0
BRDA:190,14,1,0
BRDA:201,15,0,0
BRDA:201,15,1,0
BRF:28
BRH:0
end_of_record
TN:
SF:src/config.js
FNF:0
FNH:0
DA:1,10
DA:2,10
DA:3,10
DA:4,10
DA:5,10
DA:7,10
DA:9,10
LF:7
LH:7
BRDA:7,0,0,7
BRDA:7,0,1,3
BRDA:10,1,0,10
BRDA:10,1,1,3
BRDA:11,2,0,10
BRDA:11,2,1,3
BRDA:12,3,0,10
BRDA:12,3,1,3
BRDA:13,4,0,10
BRDA:13,4,1,3
BRDA:15,5,0,10
BRDA:15,5,1,3
BRDA:17,6,0,10
BRDA:17,6,1,3
BRDA:18,7,0,10
BRDA:18,7,1,3
BRDA:19,8,0,10
BRDA:19,8,1,3
BRDA:20,9,0,10
BRDA:20,9,1,3
BRDA:21,10,0,10
BRDA:21,10,1,10
BRDA:22,11,0,10
BRDA:22,11,1,3
BRDA:23,12,0,10
BRDA:23,12,1,3
BRDA:25,13,0,10
BRDA:25,13,1,10
BRDA:25,14,0,10
BRDA:25,14,1,10
BRDA:26,15,0,10
BRDA:26,15,1,10
BRDA:26,16,0,10
BRDA:26,16,1,10
BRDA:27,17,0,10
BRDA:27,17,1,10
BRDA:27,18,0,10
BRDA:27,18,1,10
BRDA:28,19,0,10
BRDA:28,19,1,10
BRDA:28,20,0,10
BRDA:28,20,1,10
BRF:42
BRH:42
end_of_record
TN:
SF:src/cryptoUtils.js
FN:11,getEncryptionKey
FN:25,encrypt
FN:40,decrypt
FNF:3
FNH:3
FNDA:9,getEncryptionKey
FNDA:5,encrypt
FNDA:6,decrypt
DA:1,6
DA:2,6
DA:4,6
DA:5,6
DA:6,6
DA:12,9
DA:13,9
DA:14,2
DA:17,7
DA:26,5
DA:27,5
DA:29,4
DA:30,4
DA:32,4
DA:41,6
DA:42,6
DA:43,2
DA:46,4
DA:47,4
DA:48,4
DA:50,4
DA:51,3
DA:53,3
DA:56,6
LF:24
LH:24
BRDA:13,0,0,2
BRDA:13,0,1,7
BRDA:42,1,0,2
BRDA:42,1,1,4
BRDA:42,2,0,6
BRDA:42,2,1,6
BRDA:42,2,2,5
BRF:7
BRH:7
end_of_record
TN:
SF:src/eventListener.js
FN:4,startEventListener
FN:11,syncLCMetadata
FNF:2
FNH:0
FNDA:0,startEventListener
FNDA:0,syncLCMetadata
DA:1,1
DA:2,1
DA:7,0
DA:8,0
DA:12,0
DA:13,0
DA:14,0
DA:16,0
DA:30,0
DA:34,1
LF:10
LH:3
BRF:0
BRH:0
end_of_record
TN:
SF:src/seeder.js
FN:5,seedDatabase
FN:26,(anonymous_1)
FN:36,(anonymous_2)
FN:53,(anonymous_3)
FNF:4
FNH:0
FNDA:0,seedDatabase
FNDA:0,(anonymous_1)
FNDA:0,(anonymous_2)
FNDA:0,(anonymous_3)
DA:1,1
DA:2,1
DA:3,1
DA:6,0
DA:7,0
DA:8,0
DA:9,0
DA:11,0
DA:18,0
DA:19,0
DA:21,0
DA:27,0
DA:31,0
DA:32,0
DA:33,0
DA:35,0
DA:36,0
DA:37,0
DA:42,0
DA:47,0
DA:48,0
DA:54,0
DA:57,0
DA:60,0
DA:62,0
DA:63,0
DA:67,1
LF:27
LH:4
BRDA:27,0,0,0
BRDA:27,0,1,0
BRDA:35,1,0,0
BRDA:35,1,1,0
BRDA:54,2,0,0
BRDA:54,2,1,0
BRF:6
BRH:0
end_of_record
TN:
SF:src/swagger.js
FNF:0
FNH:0
DA:1,1
DA:2,1
DA:3,1
DA:5,1
DA:51,1
DA:53,1
LF:6
LH:6
BRF:0
BRH:0
end_of_record
TN:
SF:src/tracing.js
FN:40,(anonymous_0)
FN:42,(anonymous_1)
FN:43,(anonymous_2)
FN:44,(anonymous_3)
FNF:4
FNH:0
FNDA:0,(anonymous_0)
FNDA:0,(anonymous_1)
FNDA:0,(anonymous_2)
FNDA:0,(anonymous_3)
DA:2,1
DA:3,1
DA:4,1
DA:5,1
DA:6,1
DA:9,1
DA:14,1
DA:32,1
DA:33,1
DA:34,1
DA:36,0
DA:40,1
DA:41,0
DA:42,0
DA:43,0
DA:44,0
DA:47,1
LF:17
LH:12
BRDA:10,0,0,1
BRDA:10,0,1,1
BRDA:18,1,0,1
BRDA:18,1,1,0
BRF:4
BRH:3
end_of_record
TN:
SF:src/controllers/authController.js
FN:4,(anonymous_0)
FNF:1
FNH:0
FNDA:0,(anonymous_0)
DA:1,1
DA:3,1
DA:5,0
DA:6,0
DA:7,0
DA:13,0
DA:21,1
LF:7
LH:3
BRF:0
BRH:0
end_of_record
TN:
SF:src/controllers/lcController.js
FN:4,(anonymous_0)
FN:13,(anonymous_1)
FN:39,(anonymous_2)
FN:48,(anonymous_3)
FN:57,(anonymous_4)
FN:67,(anonymous_5)
FN:76,(anonymous_6)
FN:102,(anonymous_7)
FN:112,(anonymous_8)
FN:121,(anonymous_9)
FN:131,(anonymous_10)
FN:140,(anonymous_11)
FNF:12
FNH:12
FNDA:3,(anonymous_0)
FNDA:5,(anonymous_1)
FNDA:2,(anonymous_2)
FNDA:2,(anonymous_3)
FNDA:4,(anonymous_4)
FNDA:2,(anonymous_5)
FNDA:3,(anonymous_6)
FNDA:2,(anonymous_7)
FNDA:2,(anonymous_8)
FNDA:2,(anonymous_9)
FNDA:2,(anonymous_10)
FNDA:2,(anonymous_11)
DA:1,2
DA:3,2
DA:5,3
DA:6,3
DA:7,2
DA:9,1
DA:14,5
DA:15,5
DA:16,5
DA:18,4
DA:19,2
DA:27,2
DA:35,1
DA:40,2
DA:41,2
DA:42,1
DA:44,1
DA:49,2
DA:50,2
DA:51,1
DA:53,1
DA:58,4
DA:59,4
DA:60,4
DA:61,2
DA:63,2
DA:68,2
DA:69,2
DA:70,1
DA:72,1
DA:77,3
DA:78,3
DA:79,3
DA:81,2
DA:82,1
DA:90,1
DA:98,1
DA:103,2
DA:104,2
DA:105,2
DA:106,1
DA:108,1
DA:113,2
DA:114,2
DA:115,1
DA:117,1
DA:122,2
DA:123,2
DA:124,2
DA:125,1
DA:127,1
DA:132,2
DA:133,2
DA:134,1
DA:136,1
DA:141,2
DA:142,2
DA:143,1
DA:145,1
DA:150,2
LF:60
LH:60
BRDA:18,0,0,2
BRDA:18,0,1,2
BRDA:41,1,0,2
BRDA:41,1,1,0
BRDA:50,2,0,2
BRDA:50,2,1,0
BRDA:69,3,0,2
BRDA:69,3,1,0
BRDA:81,4,0,1
BRDA:81,4,1,1
BRDA:114,5,0,2
BRDA:114,5,1,0
BRF:12
BRH:8
end_of_record
TN:
SF:src/db/index.js
FN:7,initDb
FNF:1
FNH:1
FNDA:2,initDb
DA:1,4
DA:2,4
DA:5,4
DA:8,2
DA:9,2
DA:18,1
DA:32,1
DA:41,1
DA:49,1
DA:51,1
DA:52,1
DA:56,4
LF:12
LH:12
BRF:0
BRH:0
end_of_record
TN:
SF:src/repositories/fabricRepository.js
FN:12,getCCP
FN:17,resolvePath
FN:24,getIdentity
FN:37,newGrpcConnection
FN:51,executeWithGateway
FN:81,(anonymous_5)
FN:82,(anonymous_6)
FN:88,(anonymous_7)
FN:89,(anonymous_8)
FN:97,(anonymous_9)
FN:101,(anonymous_10)
FN:105,(anonymous_11)
FN:109,(anonymous_12)
FN:113,(anonymous_13)
FN:117,(anonymous_14)
FN:121,(anonymous_15)
FN:125,(anonymous_16)
FN:129,(anonymous_17)
FN:133,(anonymous_18)
FN:138,(anonymous_19)
FNF:20
FNH:20
FNDA:15,getCCP
FNDA:13,resolvePath
FNDA:15,getIdentity
FNDA:13,newGrpcConnection
FNDA:15,executeWithGateway
FNDA:12,(anonymous_5)
FNDA:10,(anonymous_6)
FNDA:3,(anonymous_7)
FNDA:3,(anonymous_8)
FNDA:1,(anonymous_9)
FNDA:1,(anonymous_10)
FNDA:1,(anonymous_11)
FNDA:1,(anonymous_12)
FNDA:1,(anonymous_13)
FNDA:1,(anonymous_14)
FNDA:1,(anonymous_15)
FNDA:1,(anonymous_16)
FNDA:1,(anonymous_17)
FNDA:1,(anonymous_18)
FNDA:1,(anonymous_19)
DA:1,4
DA:2,4
DA:3,4
DA:4,4
DA:5,4
DA:6,4
DA:7,4
DA:8,4
DA:10,4
DA:13,15
DA:14,15
DA:18,13
DA:19,0
DA:21,13
DA:25,15
DA:26,15
DA:27,1
DA:30,14
DA:38,13
DA:39,13
DA:40,13
DA:41,13
DA:43,13
DA:45,13
DA:52,15
DA:53,15
DA:54,14
DA:55,14
DA:56,1
DA:58,13
DA:59,13
DA:61,13
DA:70,13
DA:71,13
DA:72,13
DA:73,13
DA:75,13
DA:76,13
DA:80,4
DA:82,12
DA:83,10
DA:84,10
DA:89,3
DA:90,3
DA:91,3
DA:98,1
DA:102,1
DA:106,1
DA:110,1
DA:114,1
DA:118,1
DA:122,1
DA:126,1
DA:130,1
DA:134,1
DA:135,1
DA:139,1
DA:140,1
DA:144,4
LF:59
LH:58
BRDA:18,0,0,0
BRDA:18,0,1,13
BRDA:26,1,0,1
BRDA:26,1,1,14
BRDA:55,2,0,1
BRDA:55,2,1,13
BRF:6
BRH:5
end_of_record
TN:
SF:src/repositories/postgresRepository.js
FN:5,(anonymous_0)
FN:9,(anonymous_1)
FN:21,(anonymous_2)
FN:25,(anonymous_3)
FN:33,(anonymous_4)
FN:46,(anonymous_5)
FN:50,(anonymous_6)
FN:58,(anonymous_7)
FN:83,(anonymous_8)
FNF:9
FNH:9
FNDA:1,(anonymous_0)
FNDA:1,(anonymous_1)
FNDA:1,(anonymous_2)
FNDA:1,(anonymous_3)
FNDA:2,(anonymous_4)
FNDA:4,(anonymous_5)
FNDA:8,(anonymous_6)
FNDA:2,(anonymous_7)
FNDA:1,(anonymous_8)
DA:1,6
DA:3,6
DA:6,1
DA:10,1
DA:22,1
DA:26,1
DA:34,2
DA:35,2
DA:37,2
DA:38,1
DA:39,1
DA:42,2
DA:43,2
DA:48,4
DA:49,4
DA:50,8
DA:52,4
DA:60,2
DA:84,1
DA:91,6
LF:20
LH:20
BRDA:33,0,0,1
BRDA:37,1,0,1
BRDA:37,1,1,1
BRF:3
BRH:3
end_of_record
TN:
SF:src/routes/lc.js
FNF:0
FNH:0
DA:1,1
DA:2,1
DA:3,1
DA:4,1
DA:13,1
DA:14,1
DA:15,1
DA:16,1
DA:17,1
DA:18,1
DA:19,1
DA:20,1
DA:21,1
DA:23,1
DA:24,1
DA:25,1
DA:27,1
LF:17
LH:17
BRF:0
BRH:0
end_of_record
TN:
SF:src/services/authService.js
FN:5,(anonymous_0)
FNF:1
FNH:0
FNDA:0,(anonymous_0)
DA:1,1
DA:2,1
DA:4,1
DA:6,0
DA:8,0
DA:9,0
DA:13,0
DA:14,0
DA:15,0
DA:18,0
DA:19,0
DA:24,0
DA:28,1
LF:13
LH:4
BRDA:8,0,0,0
BRDA:8,0,1,0
BRDA:8,1,0,0
BRDA:8,1,1,0
BRDA:8,1,2,0
BRDA:8,1,3,0
BRDA:14,2,0,0
BRDA:14,2,1,0
BRDA:18,3,0,0
BRDA:18,3,1,0
BRF:10
BRH:0
end_of_record
TN:
SF:src/services/lcService.js
FN:6,(anonymous_0)
FN:43,(anonymous_1)
FN:64,(anonymous_2)
FN:70,(anonymous_3)
FN:76,(anonymous_4)
FN:89,(anonymous_5)
FN:95,(anonymous_6)
FN:113,(anonymous_7)
FN:119,(anonymous_8)
FN:125,(anonymous_9)
FN:130,(anonymous_10)
FN:135,(anonymous_11)
FNF:12
FNH:12
FNDA:3,(anonymous_0)
FNDA:4,(anonymous_1)
FNDA:1,(anonymous_2)
FNDA:1,(anonymous_3)
FNDA:4,(anonymous_4)
FNDA:1,(anonymous_5)
FNDA:2,(anonymous_6)
FNDA:1,(anonymous_7)
FNDA:1,(anonymous_8)
FNDA:1,(anonymous_9)
FNDA:1,(anonymous_10)
FNDA:1,(anonymous_11)
DA:1,3
DA:2,3
DA:3,3
DA:5,3
DA:8,3
DA:11,2
DA:26,2
DA:40,2
DA:44,4
DA:45,4
DA:47,4
DA:48,4
DA:49,2
DA:52,4
DA:57,4
DA:65,1
DA:66,1
DA:67,1
DA:71,1
DA:72,1
DA:73,1
DA:78,4
DA:79,4
DA:80,4
DA:81,2
DA:84,2
DA:85,2
DA:86,2
DA:90,1
DA:91,1
DA:92,1
DA:96,2
DA:97,2
DA:99,2
DA:100,2
DA:101,1
DA:104,2
DA:106,2
DA:114,1
DA:115,1
DA:116,1
DA:120,1
DA:121,1
DA:122,1
DA:127,1
DA:132,1
DA:136,1
DA:140,3
LF:48
LH:48
BRDA:45,0,0,4
BRDA:45,0,1,0
BRDA:48,1,0,2
BRDA:48,1,1,2
BRDA:80,2,0,2
BRDA:80,2,1,2
BRDA:97,3,0,2
BRDA:97,3,1,0
BRDA:100,4,0,1
BRDA:100,4,1,1
BRF:10
BRH:8
end_of_record
TN:
SF:src/utils/validation.js
FN:3,(anonymous_0)
FN:25,(anonymous_1)
FNF:2
FNH:2
FNDA:8,(anonymous_0)
FNDA:7,(anonymous_1)
DA:1,4
DA:3,4
DA:4,8
DA:19,8
DA:20,8
DA:21,5
DA:25,4
DA:26,7
DA:32,7
DA:33,7
DA:34,2
DA:38,4
LF:12
LH:12
BRDA:20,0,0,5
BRDA:20,0,1,3
BRDA:33,1,0,2
BRDA:33,1,1,5
BRF:4
BRH:4
end_of_record
