TN:
SF:src/app.js
FN:23,(anonymous_0)
FN:58,(anonymous_1)
FN:88,(anonymous_2)
FN:88,(anonymous_3)
FN:99,(anonymous_4)
FN:134,(anonymous_5)
FN:157,(anonymous_6)
FN:162,(anonymous_7)
FN:168,(anonymous_8)
FNF:9
FNH:1
FNDA:0,(anonymous_0)
FNDA:0,(anonymous_1)
FNDA:2,(anonymous_2)
FNDA:0,(anonymous_3)
FNDA:0,(anonymous_4)
FNDA:0,(anonymous_5)
FNDA:0,(anonymous_6)
FNDA:0,(anonymous_7)
FNDA:0,(anonymous_8)
DA:1,1
DA:2,1
DA:3,1
DA:4,1
DA:5,1
DA:6,1
DA:7,1
DA:8,1
DA:9,1
DA:10,1
DA:11,1
DA:12,1
DA:13,1
DA:14,1
DA:15,1
DA:16,1
DA:17,1
DA:18,1
DA:20,1
DA:22,1
DA:23,1
DA:24,0
DA:25,0
DA:26,0
DA:28,0
DA:33,1
DA:34,1
DA:37,1
DA:40,1
DA:46,1
DA:52,1
DA:55,1
DA:58,1
DA:59,0
DA:61,0
DA:62,0
DA:64,0
DA:69,1
DA:88,2
DA:89,0
DA:90,0
DA:91,0
DA:93,0
DA:99,1
DA:100,0
DA:102,0
DA:103,0
DA:104,0
DA:106,0
DA:113,0
DA:114,0
DA:116,0
DA:117,0
DA:120,0
DA:126,0
DA:127,0
DA:129,0
DA:134,1
DA:135,0
DA:137,0
DA:138,0
DA:139,0
DA:140,0
DA:143,0
DA:144,0
DA:145,0
DA:148,0
DA:149,0
DA:151,0
DA:155,1
DA:157,1
DA:158,0
DA:159,0
DA:162,1
DA:163,0
DA:164,0
DA:165,0
DA:166,0
DA:167,0
DA:168,0
DA:169,0
DA:172,0
DA:173,0
DA:177,1
DA:178,0
DA:181,1
LF:86
LH:38
BRDA:90,0,0,0
BRDA:90,0,1,0
BRDA:126,1,0,0
BRDA:126,1,1,0
BRDA:139,2,0,0
BRDA:139,2,1,0
BRDA:144,3,0,0
BRDA:144,3,1,0
BRDA:177,4,0,0
BRDA:177,4,1,1
BRF:10
BRH:1
end_of_record
TN:
SF:src/auth.js
FN:4,signToken
FN:8,authorize
FN:24,permit
FN:25,(anonymous_3)
FNF:4
FNH:3
FNDA:0,signToken
FNDA:5,authorize
FNDA:13,permit
FNDA:5,(anonymous_3)
DA:1,1
DA:2,1
DA:5,0
DA:9,5
DA:10,5
DA:11,0
DA:14,5
DA:15,5
DA:16,5
DA:17,5
DA:18,5
DA:20,0
DA:25,13
DA:26,5
DA:27,0
DA:29,5
DA:33,1
LF:17
LH:13
BRDA:10,0,0,0
BRDA:10,0,1,5
BRDA:10,1,0,5
BRDA:10,1,1,5
BRDA:26,2,0,0
BRDA:26,2,1,5
BRDA:26,3,0,5
BRDA:26,3,1,5
BRF:8
BRH:6
end_of_record
TN:
SF:src/caClient.js
FN:9,getCaNameFromMsp
FN:19,getCAClient
FN:35,enrollAllAdmins
FN:104,enrollUser
FN:144,registerAndEnrollUser
FNF:5
FNH:0
FNDA:0,getCaNameFromMsp
FNDA:0,getCAClient
FNDA:0,enrollAllAdmins
FNDA:0,enrollUser
FNDA:0,registerAndEnrollUser
DA:1,1
DA:2,1
DA:3,1
DA:4,1
DA:5,1
DA:6,1
DA:7,1
DA:10,0
DA:16,0
DA:20,0
DA:21,0
DA:22,0
DA:23,0
DA:24,0
DA:26,0
DA:28,0
DA:29,0
DA:30,0
DA:32,0
DA:36,0
DA:37,0
DA:39,0
DA:40,0
DA:41,0
DA:42,0
DA:44,0
DA:45,0
DA:47,0
DA:48,0
DA:49,0
DA:59,0
DA:60,0
DA:66,0
DA:67,0
DA:69,0
DA:73,0
DA:74,0
DA:75,0
DA:76,0
DA:77,0
DA:78,0
DA:80,0
DA:81,0
DA:82,0
DA:84,0
DA:85,0
DA:86,0
DA:91,0
DA:92,0
DA:93,0
DA:99,0
DA:100,0
DA:105,0
DA:106,0
DA:107,0
DA:108,0
DA:109,0
DA:110,0
DA:111,0
DA:114,0
DA:119,0
DA:129,0
DA:130,0
DA:136,0
DA:137,0
DA:139,0
DA:140,0
DA:145,0
DA:146,0
DA:147,0
DA:148,0
DA:149,0
DA:152,0
DA:153,0
DA:154,0
DA:155,0
DA:158,0
DA:159,0
DA:160,0
DA:161,0
DA:162,0
DA:163,0
DA:164,0
DA:166,0
DA:167,0
DA:170,0
DA:171,0
DA:177,0
DA:179,0
DA:187,0
DA:188,0
DA:190,0
DA:191,0
DA:193,0
DA:195,0
DA:199,0
DA:201,0
DA:202,0
DA:203,0
DA:207,1
LF:100
LH:8
BRDA:16,0,0,0
BRDA:16,0,1,0
BRDA:19,1,0,0
BRDA:23,2,0,0
BRDA:23,2,1,0
BRDA:29,3,0,0
BRDA:29,3,1,0
BRDA:47,4,0,0
BRDA:47,4,1,0
BRDA:104,5,0,0
BRDA:109,6,0,0
BRDA:109,6,1,0
BRDA:144,7,0,0
BRDA:144,8,0,0
BRDA:147,9,0,0
BRDA:147,9,1,0
BRDA:154,10,0,0
BRDA:154,10,1,0
BRDA:162,11,0,0
BRDA:162,11,1,0
BRDA:177,12,0,0
BRDA:177,12,1,0
BRDA:187,13,0,0
BRDA:187,13,1,0
BRDA:190,14,0,0
BRDA:190,14,1,0
BRDA:201,15,0,0
BRDA:201,15,1,0
BRF:28
BRH:0
end_of_record
TN:
SF:src/config.js
FNF:0
FNH:0
DA:1,2
DA:2,2
DA:3,2
DA:4,2
DA:5,2
DA:7,2
DA:9,2
LF:7
LH:7
BRDA:7,0,0,2
BRDA:7,0,1,0
BRDA:10,1,0,2
BRDA:10,1,1,0
BRDA:11,2,0,2
BRDA:11,2,1,0
BRDA:12,3,0,2
BRDA:12,3,1,0
BRDA:13,4,0,2
BRDA:13,4,1,0
BRDA:15,5,0,2
BRDA:15,5,1,0
BRDA:17,6,0,2
BRDA:17,6,1,0
BRDA:18,7,0,2
BRDA:18,7,1,0
BRDA:19,8,0,2
BRDA:19,8,1,0
BRDA:20,9,0,2
BRDA:20,9,1,0
BRDA:21,10,0,2
BRDA:21,10,1,2
BRDA:22,11,0,2
BRDA:22,11,1,0
BRDA:23,12,0,2
BRDA:23,12,1,0
BRDA:25,13,0,2
BRDA:25,13,1,2
BRDA:25,14,0,2
BRDA:25,14,1,2
BRDA:26,15,0,2
BRDA:26,15,1,2
BRDA:26,16,0,2
BRDA:26,16,1,2
BRDA:27,17,0,2
BRDA:27,17,1,2
BRDA:27,18,0,2
BRDA:27,18,1,2
BRDA:28,19,0,2
BRDA:28,19,1,2
BRDA:28,20,0,2
BRDA:28,20,1,2
BRF:42
BRH:30
end_of_record
TN:
SF:src/cryptoUtils.js
FN:11,getEncryptionKey
FN:25,encrypt
FN:40,decrypt
FNF:3
FNH:0
FNDA:0,getEncryptionKey
FNDA:0,encrypt
FNDA:0,decrypt
DA:1,2
DA:2,2
DA:4,2
DA:5,2
DA:6,2
DA:12,0
DA:13,0
DA:14,0
DA:17,0
DA:26,0
DA:27,0
DA:29,0
DA:30,0
DA:32,0
DA:41,0
DA:42,0
DA:43,0
DA:46,0
DA:47,0
DA:48,0
DA:50,0
DA:51,0
DA:53,0
DA:56,2
LF:24
LH:6
BRDA:13,0,0,0
BRDA:13,0,1,0
BRDA:42,1,0,0
BRDA:42,1,1,0
BRDA:42,2,0,0
BRDA:42,2,1,0
BRDA:42,2,2,0
BRF:7
BRH:0
end_of_record
TN:
SF:src/eventListener.js
FN:4,startEventListener
FN:11,syncLCMetadata
FNF:2
FNH:0
FNDA:0,startEventListener
FNDA:0,syncLCMetadata
DA:1,1
DA:2,1
DA:7,0
DA:8,0
DA:12,0
DA:13,0
DA:14,0
DA:16,0
DA:30,0
DA:34,1
LF:10
LH:3
BRF:0
BRH:0
end_of_record
TN:
SF:src/metrics.js
FNF:0
FNH:0
DA:1,1
DA:4,1
DA:7,1
DA:12,1
DA:15,1
DA:21,1
DA:28,1
DA:34,1
DA:35,1
DA:36,1
DA:38,1
LF:11
LH:11
BRF:0
BRH:0
end_of_record
TN:
SF:src/seeder.js
FN:5,seedDatabase
FN:26,(anonymous_1)
FN:36,(anonymous_2)
FN:53,(anonymous_3)
FNF:4
FNH:0
FNDA:0,seedDatabase
FNDA:0,(anonymous_1)
FNDA:0,(anonymous_2)
FNDA:0,(anonymous_3)
DA:1,1
DA:2,1
DA:3,1
DA:6,0
DA:7,0
DA:8,0
DA:9,0
DA:11,0
DA:18,0
DA:19,0
DA:21,0
DA:27,0
DA:31,0
DA:32,0
DA:33,0
DA:35,0
DA:36,0
DA:37,0
DA:42,0
DA:47,0
DA:48,0
DA:54,0
DA:57,0
DA:60,0
DA:62,0
DA:63,0
DA:67,1
LF:27
LH:4
BRDA:27,0,0,0
BRDA:27,0,1,0
BRDA:35,1,0,0
BRDA:35,1,1,0
BRDA:54,2,0,0
BRDA:54,2,1,0
BRF:6
BRH:0
end_of_record
TN:
SF:src/swagger.js
FNF:0
FNH:0
DA:1,1
DA:2,1
DA:3,1
DA:5,1
DA:51,1
DA:53,1
LF:6
LH:6
BRF:0
BRH:0
end_of_record
TN:
SF:src/tracing.js
FN:40,(anonymous_0)
FN:42,(anonymous_1)
FN:43,(anonymous_2)
FN:44,(anonymous_3)
FNF:4
FNH:0
FNDA:0,(anonymous_0)
FNDA:0,(anonymous_1)
FNDA:0,(anonymous_2)
FNDA:0,(anonymous_3)
DA:2,1
DA:3,1
DA:4,1
DA:5,1
DA:6,1
DA:9,1
DA:14,1
DA:32,1
DA:33,1
DA:34,1
DA:36,0
DA:40,1
DA:41,0
DA:42,0
DA:43,0
DA:44,0
DA:47,1
LF:17
LH:12
BRDA:10,0,0,1
BRDA:10,0,1,1
BRDA:18,1,0,1
BRDA:18,1,1,0
BRF:4
BRH:3
end_of_record
TN:
SF:src/controllers/authController.js
FN:4,(anonymous_0)
FNF:1
FNH:0
FNDA:0,(anonymous_0)
DA:1,1
DA:3,1
DA:5,0
DA:6,0
DA:7,0
DA:13,0
DA:21,1
LF:7
LH:3
BRF:0
BRH:0
end_of_record
TN:
SF:src/controllers/lcController.js
FN:4,(anonymous_0)
FN:13,(anonymous_1)
FN:39,(anonymous_2)
FN:48,(anonymous_3)
FN:57,(anonymous_4)
FN:67,(anonymous_5)
FN:76,(anonymous_6)
FN:102,(anonymous_7)
FN:112,(anonymous_8)
FN:121,(anonymous_9)
FN:131,(anonymous_10)
FN:140,(anonymous_11)
FNF:12
FNH:3
FNDA:1,(anonymous_0)
FNDA:2,(anonymous_1)
FNDA:0,(anonymous_2)
FNDA:0,(anonymous_3)
FNDA:2,(anonymous_4)
FNDA:0,(anonymous_5)
FNDA:0,(anonymous_6)
FNDA:0,(anonymous_7)
FNDA:0,(anonymous_8)
FNDA:0,(anonymous_9)
FNDA:0,(anonymous_10)
FNDA:0,(anonymous_11)
DA:1,1
DA:3,1
DA:5,1
DA:6,1
DA:7,1
DA:9,0
DA:14,2
DA:15,2
DA:16,2
DA:18,2
DA:19,1
DA:27,1
DA:35,0
DA:40,0
DA:41,0
DA:42,0
DA:44,0
DA:49,0
DA:50,0
DA:51,0
DA:53,0
DA:58,2
DA:59,2
DA:60,2
DA:61,1
DA:63,1
DA:68,0
DA:69,0
DA:70,0
DA:72,0
DA:77,0
DA:78,0
DA:79,0
DA:81,0
DA:82,0
DA:90,0
DA:98,0
DA:103,0
DA:104,0
DA:105,0
DA:106,0
DA:108,0
DA:113,0
DA:114,0
DA:115,0
DA:117,0
DA:122,0
DA:123,0
DA:124,0
DA:125,0
DA:127,0
DA:132,0
DA:133,0
DA:134,0
DA:136,0
DA:141,0
DA:142,0
DA:143,0
DA:145,0
DA:150,1
LF:60
LH:17
BRDA:18,0,0,1
BRDA:18,0,1,1
BRDA:41,1,0,0
BRDA:41,1,1,0
BRDA:50,2,0,0
BRDA:50,2,1,0
BRDA:69,3,0,0
BRDA:69,3,1,0
BRDA:81,4,0,0
BRDA:81,4,1,0
BRDA:114,5,0,0
BRDA:114,5,1,0
BRF:12
BRH:2
end_of_record
TN:
SF:src/repositories/fabricRepository.js
FN:12,getCCP
FN:17,resolvePath
FN:24,getIdentity
FN:37,newGrpcConnection
FN:51,executeWithGateway
FN:81,(anonymous_5)
FN:82,(anonymous_6)
FN:88,(anonymous_7)
FN:89,(anonymous_8)
FN:97,(anonymous_9)
FN:101,(anonymous_10)
FN:105,(anonymous_11)
FN:109,(anonymous_12)
FN:113,(anonymous_13)
FN:117,(anonymous_14)
FN:121,(anonymous_15)
FN:125,(anonymous_16)
FN:129,(anonymous_17)
FN:133,(anonymous_18)
FN:138,(anonymous_19)
FNF:20
FNH:0
FNDA:0,getCCP
FNDA:0,resolvePath
FNDA:0,getIdentity
FNDA:0,newGrpcConnection
FNDA:0,executeWithGateway
FNDA:0,(anonymous_5)
FNDA:0,(anonymous_6)
FNDA:0,(anonymous_7)
FNDA:0,(anonymous_8)
FNDA:0,(anonymous_9)
FNDA:0,(anonymous_10)
FNDA:0,(anonymous_11)
FNDA:0,(anonymous_12)
FNDA:0,(anonymous_13)
FNDA:0,(anonymous_14)
FNDA:0,(anonymous_15)
FNDA:0,(anonymous_16)
FNDA:0,(anonymous_17)
FNDA:0,(anonymous_18)
FNDA:0,(anonymous_19)
DA:1,1
DA:2,1
DA:3,1
DA:4,1
DA:5,1
DA:6,1
DA:7,1
DA:8,1
DA:10,1
DA:13,0
DA:14,0
DA:18,0
DA:19,0
DA:21,0
DA:25,0
DA:26,0
DA:27,0
DA:30,0
DA:38,0
DA:39,0
DA:40,0
DA:41,0
DA:43,0
DA:45,0
DA:52,0
DA:53,0
DA:54,0
DA:55,0
DA:56,0
DA:58,0
DA:59,0
DA:61,0
DA:70,0
DA:71,0
DA:72,0
DA:73,0
DA:75,0
DA:76,0
DA:80,1
DA:82,0
DA:83,0
DA:84,0
DA:89,0
DA:90,0
DA:91,0
DA:98,0
DA:102,0
DA:106,0
DA:110,0
DA:114,0
DA:118,0
DA:122,0
DA:126,0
DA:130,0
DA:134,0
DA:135,0
DA:139,0
DA:140,0
DA:144,1
LF:59
LH:11
BRDA:18,0,0,0
BRDA:18,0,1,0
BRDA:26,1,0,0
BRDA:26,1,1,0
BRDA:55,2,0,0
BRDA:55,2,1,0
BRF:6
BRH:0
end_of_record
TN:
SF:src/repositories/postgresRepository.js
FN:5,(anonymous_0)
FN:9,(anonymous_1)
FN:21,(anonymous_2)
FN:25,(anonymous_3)
FN:33,(anonymous_4)
FN:46,(anonymous_5)
FN:50,(anonymous_6)
FN:58,(anonymous_7)
FN:83,(anonymous_8)
FNF:9
FNH:4
FNDA:0,(anonymous_0)
FNDA:0,(anonymous_1)
FNDA:0,(anonymous_2)
FNDA:0,(anonymous_3)
FNDA:0,(anonymous_4)
FNDA:3,(anonymous_5)
FNDA:6,(anonymous_6)
FNDA:1,(anonymous_7)
FNDA:4,(anonymous_8)
DA:1,2
DA:3,2
DA:6,0
DA:10,0
DA:22,0
DA:26,0
DA:34,0
DA:35,0
DA:37,0
DA:38,0
DA:39,0
DA:42,0
DA:43,0
DA:48,3
DA:49,3
DA:50,6
DA:52,3
DA:60,1
DA:84,4
DA:91,2
LF:20
LH:9
BRDA:33,0,0,0
BRDA:37,1,0,0
BRDA:37,1,1,0
BRF:3
BRH:0
end_of_record
TN:
SF:src/routes/lc.js
FNF:0
FNH:0
DA:1,1
DA:2,1
DA:3,1
DA:4,1
DA:13,1
DA:14,1
DA:15,1
DA:16,1
DA:17,1
DA:18,1
DA:19,1
DA:20,1
DA:21,1
DA:23,1
DA:24,1
DA:25,1
DA:27,1
LF:17
LH:17
BRF:0
BRH:0
end_of_record
TN:
SF:src/services/authService.js
FN:5,(anonymous_0)
FNF:1
FNH:0
FNDA:0,(anonymous_0)
DA:1,1
DA:2,1
DA:4,1
DA:6,0
DA:8,0
DA:9,0
DA:13,0
DA:14,0
DA:15,0
DA:18,0
DA:19,0
DA:24,0
DA:28,1
LF:13
LH:4
BRDA:8,0,0,0
BRDA:8,0,1,0
BRDA:8,1,0,0
BRDA:8,1,1,0
BRDA:8,1,2,0
BRDA:8,1,3,0
BRDA:14,2,0,0
BRDA:14,2,1,0
BRDA:18,3,0,0
BRDA:18,3,1,0
BRF:10
BRH:0
end_of_record
TN:
SF:src/services/lcService.js
FN:9,logEvent
FN:31,(anonymous_1)
FN:81,(anonymous_2)
FN:113,(anonymous_3)
FN:120,(anonymous_4)
FN:127,(anonymous_5)
FN:141,(anonymous_6)
FN:148,(anonymous_7)
FN:169,(anonymous_8)
FN:176,(anonymous_9)
FN:183,(anonymous_10)
FN:188,(anonymous_11)
FN:193,(anonymous_12)
FNF:13
FNH:4
FNDA:4,logEvent
FNDA:1,(anonymous_1)
FNDA:2,(anonymous_2)
FNDA:0,(anonymous_3)
FNDA:0,(anonymous_4)
FNDA:2,(anonymous_5)
FNDA:0,(anonymous_6)
FNDA:0,(anonymous_7)
FNDA:0,(anonymous_8)
FNDA:0,(anonymous_9)
FNDA:0,(anonymous_10)
FNDA:0,(anonymous_11)
FNDA:0,(anonymous_12)
DA:1,1
DA:2,1
DA:3,1
DA:4,1
DA:10,4
DA:11,4
DA:24,0
DA:30,1
DA:33,1
DA:35,1
DA:38,1
DA:39,1
DA:53,1
DA:68,1
DA:71,1
DA:72,1
DA:74,1
DA:76,0
DA:77,0
DA:82,2
DA:83,2
DA:84,2
DA:85,2
DA:87,2
DA:88,2
DA:89,2
DA:90,1
DA:91,1
DA:94,2
DA:99,2
DA:101,2
DA:102,2
DA:108,0
DA:109,0
DA:114,0
DA:115,0
DA:116,0
DA:117,0
DA:121,0
DA:122,0
DA:123,0
DA:124,0
DA:129,2
DA:130,2
DA:131,2
DA:132,1
DA:135,1
DA:136,1
DA:137,1
DA:138,1
DA:142,0
DA:143,0
DA:144,0
DA:145,0
DA:149,0
DA:150,0
DA:152,0
DA:153,0
DA:154,0
DA:155,0
DA:156,0
DA:159,0
DA:160,0
DA:162,0
DA:170,0
DA:171,0
DA:172,0
DA:173,0
DA:177,0
DA:178,0
DA:179,0
DA:180,0
DA:185,0
DA:190,0
DA:194,0
DA:198,1
LF:76
LH:38
BRDA:9,0,0,0
BRDA:85,1,0,2
BRDA:85,1,1,0
BRDA:89,2,0,1
BRDA:89,2,1,1
BRDA:131,3,0,1
BRDA:131,3,1,1
BRDA:150,4,0,0
BRDA:150,4,1,0
BRDA:154,5,0,0
BRDA:154,5,1,0
BRF:11
BRH:5
end_of_record
TN:
SF:src/utils/validation.js
FN:3,(anonymous_0)
FN:25,(anonymous_1)
FNF:2
FNH:2
FNDA:1,(anonymous_0)
FNDA:2,(anonymous_1)
DA:1,1
DA:3,1
DA:4,1
DA:19,1
DA:20,1
DA:21,0
DA:25,1
DA:26,2
DA:32,2
DA:33,2
DA:34,0
DA:38,1
LF:12
LH:10
BRDA:20,0,0,0
BRDA:20,0,1,1
BRDA:33,1,0,0
BRDA:33,1,1,2
BRF:4
BRH:2
end_of_record
